{"meta": {"format": 3, "version": "7.13.4", "timestamp": "2026-05-04T10:50:02.495515", "branch_coverage": false, "show_contexts": false}, "files": {"agents\\__init__.py": {"executed_lines": [1, 2, 4], "summary": {"covered_lines": 3, "num_statements": 3, "percent_covered": 100.0, "percent_covered_display": "100", "missing_lines": 0, "excluded_lines": 0, "percent_statements_covered": 100.0, "percent_statements_covered_display": "100"}, "missing_lines": [], "excluded_lines": [], "functions": {"": {"executed_lines": [1, 2, 4], "summary": {"covered_lines": 3, "num_statements": 3, "percent_covered": 100.0, "percent_covered_display": "100", "missing_lines": 0, "excluded_lines": 0, "percent_statements_covered": 100.0, "percent_statements_covered_display": "100"}, "missing_lines": [], "excluded_lines": [], "start_line": 1}}, "classes": {"": {"executed_lines": [1, 2, 4], "summary": {"covered_lines": 3, "num_statements": 3, "percent_covered": 100.0, "percent_covered_display": "100", "missing_lines": 0, "excluded_lines": 0, "percent_statements_covered": 100.0, "percent_statements_covered_display": "100"}, "missing_lines": [], "excluded_lines": [], "start_line": 1}}}, "agents\\base_agent.py": {"executed_lines": [11, 12, 13, 14, 15, 16, 17, 18, 20, 21, 22, 24, 25, 26, 33, 35, 56, 57, 64, 65, 68, 112, 139, 153, 159, 172, 184, 196, 207, 272, 443, 467, 523, 617, 661, 727, 767, 872], "summary": {"covered_lines": 38, "num_statements": 344, "percent_covered": 11.046511627906977, "percent_covered_display": "11", "missing_lines": 306, "excluded_lines": 17, "percent_statements_covered": 11.046511627906977, "percent_statements_covered_display": "11"}, "missing_lines": [76, 77, 79, 80, 81, 82, 83, 84, 87, 88, 89, 90, 91, 92, 93, 94, 95, 96, 97, 98, 100, 101, 104, 105, 106, 107, 108, 109, 119, 125, 126, 128, 129, 130, 131, 132, 133, 134, 135, 136, 141, 146, 147, 148, 149, 150, 162, 163, 164, 166, 167, 168, 169, 173, 174, 175, 176, 177, 178, 179, 180, 181, 185, 186, 187, 188, 189, 190, 191, 192, 193, 216, 217, 218, 219, 220, 221, 224, 225, 226, 227, 233, 234, 235, 236, 241, 244, 245, 250, 251, 287, 288, 289, 290, 293, 298, 299, 300, 301, 302, 303, 304, 305, 313, 314, 315, 316, 317, 318, 321, 325, 331, 334, 335, 336, 337, 344, 345, 346, 347, 348, 349, 350, 352, 353, 364, 365, 366, 367, 370, 371, 374, 382, 383, 384, 387, 388, 396, 398, 404, 405, 406, 409, 410, 413, 421, 422, 423, 424, 429, 430, 432, 435, 436, 437, 438, 439, 440, 441, 454, 455, 456, 457, 458, 459, 460, 462, 464, 465, 477, 478, 480, 485, 486, 487, 488, 489, 490, 494, 495, 500, 501, 503, 504, 505, 506, 507, 513, 538, 539, 542, 543, 544, 545, 548, 549, 550, 559, 564, 565, 567, 568, 572, 573, 575, 577, 579, 580, 582, 583, 585, 586, 587, 588, 589, 590, 591, 598, 604, 606, 625, 627, 628, 629, 630, 632, 633, 635, 636, 637, 638, 639, 648, 649, 651, 675, 676, 679, 680, 686, 691, 692, 693, 694, 695, 696, 700, 701, 705, 706, 707, 708, 709, 710, 711, 717, 738, 739, 741, 742, 743, 744, 746, 747, 756, 757, 759, 760, 790, 791, 792, 793, 794, 796, 799, 800, 806, 809, 810, 811, 815, 816, 817, 818, 819, 825, 828, 829, 830, 831, 832, 833, 834, 839, 840, 841, 848, 855, 863, 864, 865, 866, 869, 870, 877, 879], "excluded_lines": [253, 254, 255, 256, 257, 258, 259, 260, 261, 262, 263, 264, 265, 267, 268, 269, 270], "functions": {"_is_transient_error": {"executed_lines": [], "summary": {"covered_lines": 0, "num_statements": 28, "percent_covered": 0.0, "percent_covered_display": "0", "missing_lines": 28, "excluded_lines": 0, "percent_statements_covered": 0.0, "percent_statements_covered_display": "0"}, "missing_lines": [76, 77, 79, 80, 81, 82, 83, 84, 87, 88, 89, 90, 91, 92, 93, 94, 95, 96, 97, 98, 100, 101, 104, 105, 106, 107, 108, 109], "excluded_lines": [], "start_line": 68}, "_get_proxy": {"executed_lines": [], "summary": {"covered_lines": 0, "num_statements": 12, "percent_covered": 0.0, "percent_covered_display": "0", "missing_lines": 12, "excluded_lines": 0, "percent_statements_covered": 0.0, "percent_statements_covered_display": "0"}, "missing_lines": [119, 125, 126, 128, 129, 130, 131, 132, 133, 134, 135, 136], "excluded_lines": [], "start_line": 112}, "_is_no_proxy": {"executed_lines": [], "summary": {"covered_lines": 0, "num_statements": 6, "percent_covered": 0.0, "percent_covered_display": "0", "missing_lines": 6, "excluded_lines": 0, "percent_statements_covered": 0.0, "percent_statements_covered_display": "0"}, "missing_lines": [141, 146, 147, 148, 149, 150], "excluded_lines": [], "start_line": 139}, "_get_ssl_verify": {"executed_lines": [], "summary": {"covered_lines": 0, "num_statements": 7, "percent_covered": 0.0, "percent_covered_display": "0", "missing_lines": 7, "excluded_lines": 0, "percent_statements_covered": 0.0, "percent_statements_covered_display": "0"}, "missing_lines": [162, 163, 164, 166, 167, 168, 169], "excluded_lines": [], "start_line": 159}, "_make_sync_httpx_client": {"executed_lines": [], "summary": {"covered_lines": 0, "num_statements": 9, "percent_covered": 0.0, "percent_covered_display": "0", "missing_lines": 9, "excluded_lines": 0, "percent_statements_covered": 0.0, "percent_statements_covered_display": "0"}, "missing_lines": [173, 174, 175, 176, 177, 178, 179, 180, 181], "excluded_lines": [], "start_line": 172}, "_make_async_httpx_client": {"executed_lines": [], "summary": {"covered_lines": 0, "num_statements": 9, "percent_covered": 0.0, "percent_covered_display": "0", "missing_lines": 9, "excluded_lines": 0, "percent_statements_covered": 0.0, "percent_statements_covered_display": "0"}, "missing_lines": [185, 186, 187, 188, 189, 190, 191, 192, 193], "excluded_lines": [], "start_line": 184}, "BaseAgent.__init__": {"executed_lines": [], "summary": {"covered_lines": 0, "num_statements": 19, "percent_covered": 0.0, "percent_covered_display": "0", "missing_lines": 19, "excluded_lines": 0, "percent_statements_covered": 0.0, "percent_statements_covered_display": "0"}, "missing_lines": [216, 217, 218, 219, 220, 221, 224, 225, 226, 227, 233, 234, 235, 236, 241, 244, 245, 250, 251], "excluded_lines": [], "start_line": 207}, "BaseAgent.execute": {"executed_lines": [], "summary": {"covered_lines": 0, "num_statements": 0, "percent_covered": 100.0, "percent_covered_display": "100", "missing_lines": 0, "excluded_lines": 11, "percent_statements_covered": 100.0, "percent_statements_covered_display": "100"}, "missing_lines": [], "excluded_lines": [255, 256, 257, 258, 259, 260, 261, 262, 263, 264, 265], "start_line": 254}, "BaseAgent.get_system_prompt": {"executed_lines": [], "summary": {"covered_lines": 0, "num_statements": 0, "percent_covered": 100.0, "percent_covered_display": "100", "missing_lines": 0, "excluded_lines": 2, "percent_statements_covered": 100.0, "percent_statements_covered_display": "100"}, "missing_lines": [], "excluded_lines": [269, 270], "start_line": 268}, "BaseAgent.call_llm": {"executed_lines": [], "summary": {"covered_lines": 0, "num_statements": 69, "percent_covered": 0.0, "percent_covered_display": "0", "missing_lines": 69, "excluded_lines": 0, "percent_statements_covered": 0.0, "percent_statements_covered_display": "0"}, "missing_lines": [287, 288, 289, 290, 293, 298, 299, 300, 301, 302, 303, 304, 305, 313, 314, 315, 316, 317, 318, 321, 325, 331, 334, 335, 336, 337, 344, 345, 346, 347, 348, 349, 350, 352, 353, 364, 365, 366, 367, 370, 371, 374, 382, 383, 384, 387, 388, 396, 398, 404, 405, 406, 409, 410, 413, 421, 422, 423, 424, 429, 430, 432, 435, 436, 437, 438, 439, 440, 441], "excluded_lines": [], "start_line": 272}, "BaseAgent._call_model": {"executed_lines": [], "summary": {"covered_lines": 0, "num_statements": 10, "percent_covered": 0.0, "percent_covered_display": "0", "missing_lines": 10, "excluded_lines": 0, "percent_statements_covered": 0.0, "percent_statements_covered_display": "0"}, "missing_lines": [454, 455, 456, 457, 458, 459, 460, 462, 464, 465], "excluded_lines": [], "start_line": 443}, "BaseAgent._call_anthropic": {"executed_lines": [], "summary": {"covered_lines": 0, "num_statements": 19, "percent_covered": 0.0, "percent_covered_display": "0", "missing_lines": 19, "excluded_lines": 0, "percent_statements_covered": 0.0, "percent_statements_covered_display": "0"}, "missing_lines": [477, 478, 480, 485, 486, 487, 488, 489, 490, 494, 495, 500, 501, 503, 504, 505, 506, 507, 513], "excluded_lines": [], "start_line": 467}, "BaseAgent._call_deepseek": {"executed_lines": [], "summary": {"covered_lines": 0, "num_statements": 32, "percent_covered": 0.0, "percent_covered_display": "0", "missing_lines": 32, "excluded_lines": 0, "percent_statements_covered": 0.0, "percent_statements_covered_display": "0"}, "missing_lines": [538, 539, 542, 543, 544, 545, 548, 549, 550, 559, 564, 565, 567, 568, 572, 573, 575, 577, 579, 580, 582, 583, 585, 586, 587, 588, 589, 590, 591, 598, 604, 606], "excluded_lines": [], "start_line": 523}, "BaseAgent._call_ollama": {"executed_lines": [], "summary": {"covered_lines": 0, "num_statements": 15, "percent_covered": 0.0, "percent_covered_display": "0", "missing_lines": 15, "excluded_lines": 0, "percent_statements_covered": 0.0, "percent_statements_covered_display": "0"}, "missing_lines": [625, 627, 628, 629, 630, 632, 633, 635, 636, 637, 638, 639, 648, 649, 651], "excluded_lines": [], "start_line": 617}, "BaseAgent._call_glm_anthropic": {"executed_lines": [], "summary": {"covered_lines": 0, "num_statements": 21, "percent_covered": 0.0, "percent_covered_display": "0", "missing_lines": 21, "excluded_lines": 0, "percent_statements_covered": 0.0, "percent_statements_covered_display": "0"}, "missing_lines": [675, 676, 679, 680, 686, 691, 692, 693, 694, 695, 696, 700, 701, 705, 706, 707, 708, 709, 710, 711, 717], "excluded_lines": [], "start_line": 661}, "BaseAgent._call_glm": {"executed_lines": [], "summary": {"covered_lines": 0, "num_statements": 12, "percent_covered": 0.0, "percent_covered_display": "0", "missing_lines": 12, "excluded_lines": 0, "percent_statements_covered": 0.0, "percent_statements_covered_display": "0"}, "missing_lines": [738, 739, 741, 742, 743, 744, 746, 747, 756, 757, 759, 760], "excluded_lines": [], "start_line": 727}, "BaseAgent.call_llm_with_tools": {"executed_lines": [], "summary": {"covered_lines": 0, "num_statements": 36, "percent_covered": 0.0, "percent_covered_display": "0", "missing_lines": 36, "excluded_lines": 0, "percent_statements_covered": 0.0, "percent_statements_covered_display": "0"}, "missing_lines": [790, 791, 792, 793, 794, 796, 799, 800, 806, 809, 810, 811, 815, 816, 817, 818, 819, 825, 828, 829, 830, 831, 832, 833, 834, 839, 840, 841, 848, 855, 863, 864, 865, 866, 869, 870], "excluded_lines": [], "start_line": 767}, "BaseAgent.log": {"executed_lines": [], "summary": {"covered_lines": 0, "num_statements": 2, "percent_covered": 0.0, "percent_covered_display": "0", "missing_lines": 2, "excluded_lines": 0, "percent_statements_covered": 0.0, "percent_statements_covered_display": "0"}, "missing_lines": [877, 879], "excluded_lines": [], "start_line": 872}, "": {"executed_lines": [11, 12, 13, 14, 15, 16, 17, 18, 20, 21, 22, 24, 25, 26, 33, 35, 56, 57, 64, 65, 68, 112, 139, 153, 159, 172, 184, 196, 207, 272, 443, 467, 523, 617, 661, 727, 767, 872], "summary": {"covered_lines": 38, "num_statements": 38, "percent_covered": 100.0, "percent_covered_display": "100", "missing_lines": 0, "excluded_lines": 4, "percent_statements_covered": 100.0, "percent_statements_covered_display": "100"}, "missing_lines": [], "excluded_lines": [253, 254, 267, 268], "start_line": 1}}, "classes": {"BaseAgent": {"executed_lines": [], "summary": {"covered_lines": 0, "num_statements": 235, "percent_covered": 0.0, "percent_covered_display": "0", "missing_lines": 235, "excluded_lines": 13, "percent_statements_covered": 0.0, "percent_statements_covered_display": "0"}, "missing_lines": [216, 217, 218, 219, 220, 221, 224, 225, 226, 227, 233, 234, 235, 236, 241, 244, 245, 250, 251, 287, 288, 289, 290, 293, 298, 299, 300, 301, 302, 303, 304, 305, 313, 314, 315, 316, 317, 318, 321, 325, 331, 334, 335, 336, 337, 344, 345, 346, 347, 348, 349, 350, 352, 353, 364, 365, 366, 367, 370, 371, 374, 382, 383, 384, 387, 388, 396, 398, 404, 405, 406, 409, 410, 413, 421, 422, 423, 424, 429, 430, 432, 435, 436, 437, 438, 439, 440, 441, 454, 455, 456, 457, 458, 459, 460, 462, 464, 465, 477, 478, 480, 485, 486, 487, 488, 489, 490, 494, 495, 500, 501, 503, 504, 505, 506, 507, 513, 538, 539, 542, 543, 544, 545, 548, 549, 550, 559, 564, 565, 567, 568, 572, 573, 575, 577, 579, 580, 582, 583, 585, 586, 587, 588, 589, 590, 591, 598, 604, 606, 625, 627, 628, 629, 630, 632, 633, 635, 636, 637, 638, 639, 648, 649, 651, 675, 676, 679, 680, 686, 691, 692, 693, 694, 695, 696, 700, 701, 705, 706, 707, 708, 709, 710, 711, 717, 738, 739, 741, 742, 743, 744, 746, 747, 756, 757, 759, 760, 790, 791, 792, 793, 794, 796, 799, 800, 806, 809, 810, 811, 815, 816, 817, 818, 819, 825, 828, 829, 830, 831, 832, 833, 834, 839, 840, 841, 848, 855, 863, 864, 865, 866, 869, 870, 877, 879], "excluded_lines": [255, 256, 257, 258, 259, 260, 261, 262, 263, 264, 265, 269, 270], "start_line": 196}, "": {"executed_lines": [11, 12, 13, 14, 15, 16, 17, 18, 20, 21, 22, 24, 25, 26, 33, 35, 56, 57, 64, 65, 68, 112, 139, 153, 159, 172, 184, 196, 207, 272, 443, 467, 523, 617, 661, 727, 767, 872], "summary": {"covered_lines": 38, "num_statements": 109, "percent_covered": 34.862385321100916, "percent_covered_display": "35", "missing_lines": 71, "excluded_lines": 4, "percent_statements_covered": 34.862385321100916, "percent_statements_covered_display": "35"}, "missing_lines": [76, 77, 79, 80, 81, 82, 83, 84, 87, 88, 89, 90, 91, 92, 93, 94, 95, 96, 97, 98, 100, 101, 104, 105, 106, 107, 108, 109, 119, 125, 126, 128, 129, 130, 131, 132, 133, 134, 135, 136, 141, 146, 147, 148, 149, 150, 162, 163, 164, 166, 167, 168, 169, 173, 174, 175, 176, 177, 178, 179, 180, 181, 185, 186, 187, 188, 189, 190, 191, 192, 193], "excluded_lines": [253, 254, 267, 268], "start_line": 1}}}, "agents\\code_agent.py": {"executed_lines": [], "summary": {"covered_lines": 0, "num_statements": 405, "percent_covered": 0.0, "percent_covered_display": "0", "missing_lines": 405, "excluded_lines": 0, "percent_statements_covered": 0.0, "percent_statements_covered_display": "0"}, "missing_lines": [9, 10, 11, 12, 14, 15, 16, 17, 18, 19, 20, 23, 24, 25, 26, 27, 29, 31, 76, 79, 80, 86, 87, 88, 89, 90, 91, 93, 95, 97, 98, 99, 100, 102, 103, 104, 105, 114, 115, 131, 132, 133, 134, 135, 138, 139, 140, 141, 142, 143, 145, 146, 153, 154, 160, 161, 162, 166, 174, 176, 177, 178, 179, 182, 183, 184, 185, 186, 187, 189, 190, 191, 194, 195, 196, 197, 198, 201, 202, 206, 209, 214, 215, 216, 219, 220, 225, 226, 227, 228, 232, 233, 240, 241, 242, 243, 244, 247, 248, 284, 285, 288, 289, 290, 291, 292, 293, 294, 297, 298, 299, 300, 301, 304, 305, 306, 307, 308, 310, 314, 315, 316, 317, 322, 323, 329, 330, 331, 333, 334, 335, 340, 341, 342, 343, 344, 345, 346, 352, 353, 355, 364, 376, 379, 380, 383, 387, 388, 393, 394, 405, 472, 473, 479, 480, 481, 486, 487, 488, 497, 498, 499, 501, 503, 515, 516, 517, 518, 520, 528, 529, 530, 533, 534, 535, 536, 537, 538, 539, 540, 545, 547, 548, 549, 551, 554, 555, 556, 558, 559, 560, 561, 563, 564, 566, 568, 569, 570, 572, 573, 574, 575, 576, 577, 579, 580, 585, 586, 587, 588, 589, 590, 593, 594, 595, 598, 599, 600, 601, 603, 604, 605, 606, 608, 613, 614, 615, 616, 617, 619, 620, 621, 622, 623, 625, 626, 627, 628, 629, 631, 632, 633, 634, 635, 637, 638, 639, 641, 642, 643, 644, 645, 646, 647, 648, 649, 651, 652, 654, 655, 656, 657, 658, 659, 660, 661, 662, 663, 664, 665, 666, 667, 668, 670, 672, 673, 680, 681, 682, 684, 685, 686, 687, 688, 694, 695, 699, 700, 707, 708, 727, 728, 747, 749, 750, 751, 776, 778, 779, 781, 782, 783, 784, 791, 792, 798, 806, 808, 1103, 1105, 1157, 1159, 1160, 1162, 1163, 1167, 1168, 1170, 1171, 1172, 1179, 1180, 1182, 1183, 1184, 1191, 1192, 1194, 1195, 1196, 1202, 1204, 1206, 1207, 1209, 1210, 1211, 1214, 1215, 1217, 1218, 1226, 1227, 1229, 1230, 1231, 1232, 1233, 1234, 1236, 1237, 1238, 1240, 1242, 1255, 1256, 1257, 1258, 1259, 1260, 1261, 1263, 1265, 1267, 1273, 1275, 1281, 1283, 1285, 1288, 1289, 1295, 1314, 1316, 1317, 1318, 1320, 1322, 1338, 1339, 1344, 1345, 1346, 1348, 1350, 1366, 1371, 1373, 1375, 1376, 1377, 1380, 1381, 1382, 1384, 1385, 1387, 1388, 1389, 1390, 1392, 1394, 1395, 1396, 1397], "excluded_lines": [], "functions": {"CodeAgent.__init__": {"executed_lines": [], "summary": {"covered_lines": 0, "num_statements": 8, "percent_covered": 0.0, "percent_covered_display": "0", "missing_lines": 8, "excluded_lines": 0, "percent_statements_covered": 0.0, "percent_statements_covered_display": "0"}, "missing_lines": [80, 86, 87, 88, 89, 90, 91, 93], "excluded_lines": [], "start_line": 79}, "CodeAgent.get_system_prompt": {"executed_lines": [], "summary": {"covered_lines": 0, "num_statements": 4, "percent_covered": 0.0, "percent_covered_display": "0", "missing_lines": 4, "excluded_lines": 0, "percent_statements_covered": 0.0, "percent_statements_covered_display": "0"}, "missing_lines": [97, 98, 99, 100], "excluded_lines": [], "start_line": 95}, "CodeAgent.execute": {"executed_lines": [], "summary": {"covered_lines": 0, "num_statements": 107, "percent_covered": 0.0, "percent_covered_display": "0", "missing_lines": 107, "excluded_lines": 0, "percent_statements_covered": 0.0, "percent_statements_covered_display": "0"}, "missing_lines": [103, 104, 105, 114, 115, 131, 132, 133, 134, 135, 138, 139, 140, 141, 142, 143, 145, 146, 153, 154, 160, 161, 162, 166, 174, 176, 177, 178, 179, 182, 183, 184, 185, 186, 187, 189, 190, 191, 194, 195, 196, 197, 198, 201, 202, 206, 209, 214, 215, 216, 219, 220, 225, 226, 227, 228, 232, 233, 240, 241, 242, 243, 244, 247, 248, 284, 285, 288, 289, 290, 291, 292, 293, 294, 297, 298, 299, 300, 301, 304, 305, 306, 307, 308, 310, 314, 315, 316, 317, 322, 323, 329, 330, 331, 333, 334, 335, 340, 341, 342, 343, 344, 345, 346, 352, 353, 355], "excluded_lines": [], "start_line": 102}, "CodeAgent._generate_enhanced_review": {"executed_lines": [], "summary": {"covered_lines": 0, "num_statements": 21, "percent_covered": 0.0, "percent_covered_display": "0", "missing_lines": 21, "excluded_lines": 0, "percent_statements_covered": 0.0, "percent_statements_covered_display": "0"}, "missing_lines": [376, 379, 380, 383, 387, 388, 393, 394, 405, 472, 473, 479, 480, 481, 486, 487, 488, 497, 498, 499, 501], "excluded_lines": [], "start_line": 364}, "CodeAgent._validate_ci_workflow": {"executed_lines": [], "summary": {"covered_lines": 0, "num_statements": 110, "percent_covered": 0.0, "percent_covered_display": "0", "missing_lines": 110, "excluded_lines": 0, "percent_statements_covered": 0.0, "percent_statements_covered_display": "0"}, "missing_lines": [515, 516, 517, 518, 520, 528, 529, 530, 533, 534, 535, 536, 537, 538, 539, 540, 545, 547, 548, 549, 551, 554, 555, 556, 558, 559, 560, 561, 563, 564, 566, 568, 569, 570, 572, 573, 574, 575, 576, 577, 579, 580, 585, 586, 587, 588, 589, 590, 593, 594, 595, 598, 599, 600, 601, 603, 604, 605, 606, 608, 613, 614, 615, 616, 617, 619, 620, 621, 622, 623, 625, 626, 627, 628, 629, 631, 632, 633, 634, 635, 637, 638, 639, 641, 642, 643, 644, 645, 646, 647, 648, 649, 651, 652, 654, 655, 656, 657, 658, 659, 660, 661, 662, 663, 664, 665, 666, 667, 668, 670], "excluded_lines": [], "start_line": 503}, "CodeAgent._build_git_summary": {"executed_lines": [], "summary": {"covered_lines": 0, "num_statements": 17, "percent_covered": 0.0, "percent_covered_display": "0", "missing_lines": 17, "excluded_lines": 0, "percent_statements_covered": 0.0, "percent_statements_covered_display": "0"}, "missing_lines": [673, 680, 681, 682, 684, 685, 686, 687, 688, 694, 695, 699, 700, 707, 708, 727, 728], "excluded_lines": [], "start_line": 672}, "CodeAgent._build_drivers_makefile": {"executed_lines": [], "summary": {"covered_lines": 0, "num_statements": 3, "percent_covered": 0.0, "percent_covered_display": "0", "missing_lines": 3, "excluded_lines": 0, "percent_statements_covered": 0.0, "percent_statements_covered_display": "0"}, "missing_lines": [749, 750, 751], "excluded_lines": [], "start_line": 747}, "CodeAgent._build_test_main": {"executed_lines": [], "summary": {"covered_lines": 0, "num_statements": 9, "percent_covered": 0.0, "percent_covered_display": "0", "missing_lines": 9, "excluded_lines": 0, "percent_statements_covered": 0.0, "percent_statements_covered_display": "0"}, "missing_lines": [778, 779, 781, 782, 783, 784, 791, 792, 798], "excluded_lines": [], "start_line": 776}, "CodeAgent._build_github_ci_workflow": {"executed_lines": [], "summary": {"covered_lines": 0, "num_statements": 1, "percent_covered": 0.0, "percent_covered_display": "0", "missing_lines": 1, "excluded_lines": 0, "percent_statements_covered": 0.0, "percent_statements_covered_display": "0"}, "missing_lines": [808], "excluded_lines": [], "start_line": 806}, "CodeAgent._build_arm_toolchain_cmake": {"executed_lines": [], "summary": {"covered_lines": 0, "num_statements": 1, "percent_covered": 0.0, "percent_covered_display": "0", "missing_lines": 1, "excluded_lines": 0, "percent_statements_covered": 0.0, "percent_statements_covered_display": "0"}, "missing_lines": [1105], "excluded_lines": [], "start_line": 1103}, "CodeAgent._extract_components": {"executed_lines": [], "summary": {"covered_lines": 0, "num_statements": 20, "percent_covered": 0.0, "percent_covered_display": "0", "missing_lines": 20, "excluded_lines": 0, "percent_statements_covered": 0.0, "percent_statements_covered_display": "0"}, "missing_lines": [1159, 1160, 1162, 1163, 1167, 1168, 1170, 1171, 1172, 1179, 1180, 1182, 1183, 1184, 1191, 1192, 1194, 1195, 1196, 1202], "excluded_lines": [], "start_line": 1157}, "CodeAgent._extract_registers": {"executed_lines": [], "summary": {"covered_lines": 0, "num_statements": 30, "percent_covered": 0.0, "percent_covered_display": "0", "missing_lines": 30, "excluded_lines": 0, "percent_statements_covered": 0.0, "percent_statements_covered_display": "0"}, "missing_lines": [1206, 1207, 1209, 1210, 1211, 1214, 1215, 1217, 1218, 1226, 1227, 1229, 1230, 1231, 1232, 1233, 1234, 1236, 1237, 1238, 1240, 1242, 1255, 1256, 1257, 1258, 1259, 1260, 1261, 1263], "excluded_lines": [], "start_line": 1204}, "CodeAgent._default_components": {"executed_lines": [], "summary": {"covered_lines": 0, "num_statements": 1, "percent_covered": 0.0, "percent_covered_display": "0", "missing_lines": 1, "excluded_lines": 0, "percent_statements_covered": 0.0, "percent_statements_covered_display": "0"}, "missing_lines": [1267], "excluded_lines": [], "start_line": 1265}, "CodeAgent._default_registers": {"executed_lines": [], "summary": {"covered_lines": 0, "num_statements": 1, "percent_covered": 0.0, "percent_covered_display": "0", "missing_lines": 1, "excluded_lines": 0, "percent_statements_covered": 0.0, "percent_statements_covered_display": "0"}, "missing_lines": [1275], "excluded_lines": [], "start_line": 1273}, "CodeAgent._generate_review_report": {"executed_lines": [], "summary": {"covered_lines": 0, "num_statements": 9, "percent_covered": 0.0, "percent_covered_display": "0", "missing_lines": 9, "excluded_lines": 0, "percent_statements_covered": 0.0, "percent_statements_covered_display": "0"}, "missing_lines": [1283, 1285, 1288, 1289, 1295, 1314, 1316, 1317, 1318], "excluded_lines": [], "start_line": 1281}, "CodeAgent._llm_review": {"executed_lines": [], "summary": {"covered_lines": 0, "num_statements": 6, "percent_covered": 0.0, "percent_covered_display": "0", "missing_lines": 6, "excluded_lines": 0, "percent_statements_covered": 0.0, "percent_statements_covered_display": "0"}, "missing_lines": [1322, 1338, 1339, 1344, 1345, 1346], "excluded_lines": [], "start_line": 1320}, "CodeAgent._generate_review": {"executed_lines": [], "summary": {"covered_lines": 0, "num_statements": 3, "percent_covered": 0.0, "percent_covered_display": "0", "missing_lines": 3, "excluded_lines": 0, "percent_statements_covered": 0.0, "percent_statements_covered_display": "0"}, "missing_lines": [1350, 1366, 1371], "excluded_lines": [], "start_line": 1348}, "CodeAgent._parse_and_save_files": {"executed_lines": [], "summary": {"covered_lines": 0, "num_statements": 13, "percent_covered": 0.0, "percent_covered_display": "0", "missing_lines": 13, "excluded_lines": 0, "percent_statements_covered": 0.0, "percent_statements_covered_display": "0"}, "missing_lines": [1375, 1376, 1377, 1380, 1381, 1382, 1384, 1385, 1387, 1388, 1389, 1390, 1392], "excluded_lines": [], "start_line": 1373}, "CodeAgent._load_file": {"executed_lines": [], "summary": {"covered_lines": 0, "num_statements": 3, "percent_covered": 0.0, "percent_covered_display": "0", "missing_lines": 3, "excluded_lines": 0, "percent_statements_covered": 0.0, "percent_statements_covered_display": "0"}, "missing_lines": [1395, 1396, 1397], "excluded_lines": [], "start_line": 1394}, "": {"executed_lines": [], "summary": {"covered_lines": 0, "num_statements": 38, "percent_covered": 0.0, "percent_covered_display": "0", "missing_lines": 38, "excluded_lines": 0, "percent_statements_covered": 0.0, "percent_statements_covered_display": "0"}, "missing_lines": [9, 10, 11, 12, 14, 15, 16, 17, 18, 19, 20, 23, 24, 25, 26, 27, 29, 31, 76, 79, 95, 102, 364, 503, 672, 747, 776, 806, 1103, 1157, 1204, 1265, 1273, 1281, 1320, 1348, 1373, 1394], "excluded_lines": [], "start_line": 1}}, "classes": {"CodeAgent": {"executed_lines": [], "summary": {"covered_lines": 0, "num_statements": 367, "percent_covered": 0.0, "percent_covered_display": "0", "missing_lines": 367, "excluded_lines": 0, "percent_statements_covered": 0.0, "percent_statements_covered_display": "0"}, "missing_lines": [80, 86, 87, 88, 89, 90, 91, 93, 97, 98, 99, 100, 103, 104, 105, 114, 115, 131, 132, 133, 134, 135, 138, 139, 140, 141, 142, 143, 145, 146, 153, 154, 160, 161, 162, 166, 174, 176, 177, 178, 179, 182, 183, 184, 185, 186, 187, 189, 190, 191, 194, 195, 196, 197, 198, 201, 202, 206, 209, 214, 215, 216, 219, 220, 225, 226, 227, 228, 232, 233, 240, 241, 242, 243, 244, 247, 248, 284, 285, 288, 289, 290, 291, 292, 293, 294, 297, 298, 299, 300, 301, 304, 305, 306, 307, 308, 310, 314, 315, 316, 317, 322, 323, 329, 330, 331, 333, 334, 335, 340, 341, 342, 343, 344, 345, 346, 352, 353, 355, 376, 379, 380, 383, 387, 388, 393, 394, 405, 472, 473, 479, 480, 481, 486, 487, 488, 497, 498, 499, 501, 515, 516, 517, 518, 520, 528, 529, 530, 533, 534, 535, 536, 537, 538, 539, 540, 545, 547, 548, 549, 551, 554, 555, 556, 558, 559, 560, 561, 563, 564, 566, 568, 569, 570, 572, 573, 574, 575, 576, 577, 579, 580, 585, 586, 587, 588, 589, 590, 593, 594, 595, 598, 599, 600, 601, 603, 604, 605, 606, 608, 613, 614, 615, 616, 617, 619, 620, 621, 622, 623, 625, 626, 627, 628, 629, 631, 632, 633, 634, 635, 637, 638, 639, 641, 642, 643, 644, 645, 646, 647, 648, 649, 651, 652, 654, 655, 656, 657, 658, 659, 660, 661, 662, 663, 664, 665, 666, 667, 668, 670, 673, 680, 681, 682, 684, 685, 686, 687, 688, 694, 695, 699, 700, 707, 708, 727, 728, 749, 750, 751, 778, 779, 781, 782, 783, 784, 791, 792, 798, 808, 1105, 1159, 1160, 1162, 1163, 1167, 1168, 1170, 1171, 1172, 1179, 1180, 1182, 1183, 1184, 1191, 1192, 1194, 1195, 1196, 1202, 1206, 1207, 1209, 1210, 1211, 1214, 1215, 1217, 1218, 1226, 1227, 1229, 1230, 1231, 1232, 1233, 1234, 1236, 1237, 1238, 1240, 1242, 1255, 1256, 1257, 1258, 1259, 1260, 1261, 1263, 1267, 1275, 1283, 1285, 1288, 1289, 1295, 1314, 1316, 1317, 1318, 1322, 1338, 1339, 1344, 1345, 1346, 1350, 1366, 1371, 1375, 1376, 1377, 1380, 1381, 1382, 1384, 1385, 1387, 1388, 1389, 1390, 1392, 1395, 1396, 1397], "excluded_lines": [], "start_line": 76}, "": {"executed_lines": [], "summary": {"covered_lines": 0, "num_statements": 38, "percent_covered": 0.0, "percent_covered_display": "0", "missing_lines": 38, "excluded_lines": 0, "percent_statements_covered": 0.0, "percent_statements_covered_display": "0"}, "missing_lines": [9, 10, 11, 12, 14, 15, 16, 17, 18, 19, 20, 23, 24, 25, 26, 27, 29, 31, 76, 79, 95, 102, 364, 503, 672, 747, 776, 806, 1103, 1157, 1204, 1265, 1273, 1281, 1320, 1348, 1373, 1394], "excluded_lines": [], "start_line": 1}}}, "agents\\compliance_agent.py": {"executed_lines": [], "summary": {"covered_lines": 0, "num_statements": 100, "percent_covered": 0.0, "percent_covered_display": "0", "missing_lines": 100, "excluded_lines": 0, "percent_statements_covered": 0.0, "percent_statements_covered_display": "0"}, "missing_lines": [8, 9, 10, 12, 14, 15, 24, 26, 51, 54, 55, 62, 63, 65, 66, 67, 68, 71, 72, 73, 74, 77, 78, 79, 80, 82, 83, 89, 106, 111, 112, 113, 122, 125, 128, 129, 131, 133, 135, 145, 147, 154, 155, 156, 157, 158, 159, 162, 164, 165, 166, 167, 169, 173, 174, 175, 176, 177, 178, 179, 180, 181, 182, 183, 186, 187, 192, 194, 199, 200, 201, 202, 203, 204, 205, 206, 208, 209, 211, 213, 214, 215, 216, 217, 218, 219, 220, 222, 223, 226, 228, 229, 230, 231, 232, 233, 234, 235, 236, 237], "excluded_lines": [], "functions": {"ComplianceAgent.__init__": {"executed_lines": [], "summary": {"covered_lines": 0, "num_statements": 1, "percent_covered": 0.0, "percent_covered_display": "0", "missing_lines": 1, "excluded_lines": 0, "percent_statements_covered": 0.0, "percent_statements_covered_display": "0"}, "missing_lines": [55], "excluded_lines": [], "start_line": 54}, "ComplianceAgent.get_system_prompt": {"executed_lines": [], "summary": {"covered_lines": 0, "num_statements": 1, "percent_covered": 0.0, "percent_covered_display": "0", "missing_lines": 1, "excluded_lines": 0, "percent_statements_covered": 0.0, "percent_statements_covered_display": "0"}, "missing_lines": [63], "excluded_lines": [], "start_line": 62}, "ComplianceAgent.execute": {"executed_lines": [], "summary": {"covered_lines": 0, "num_statements": 25, "percent_covered": 0.0, "percent_covered_display": "0", "missing_lines": 25, "excluded_lines": 0, "percent_statements_covered": 0.0, "percent_statements_covered_display": "0"}, "missing_lines": [66, 67, 68, 71, 72, 73, 74, 77, 78, 79, 80, 82, 83, 89, 106, 111, 112, 113, 122, 125, 128, 129, 131, 133, 135], "excluded_lines": [], "start_line": 65}, "ComplianceAgent._extract_mpns_from_markdown": {"executed_lines": [], "summary": {"covered_lines": 0, "num_statements": 11, "percent_covered": 0.0, "percent_covered_display": "0", "missing_lines": 11, "excluded_lines": 0, "percent_statements_covered": 0.0, "percent_statements_covered_display": "0"}, "missing_lines": [154, 155, 156, 157, 158, 159, 162, 164, 165, 166, 167], "excluded_lines": [], "start_line": 147}, "ComplianceAgent._build_deterministic_section": {"executed_lines": [], "summary": {"covered_lines": 0, "num_statements": 47, "percent_covered": 0.0, "percent_covered_display": "0", "missing_lines": 47, "excluded_lines": 0, "percent_statements_covered": 0.0, "percent_statements_covered_display": "0"}, "missing_lines": [173, 174, 175, 176, 177, 178, 179, 180, 181, 182, 183, 186, 187, 192, 194, 199, 200, 201, 202, 203, 204, 205, 206, 208, 209, 211, 213, 214, 215, 216, 217, 218, 219, 220, 222, 223, 226, 228, 229, 230, 231, 232, 233, 234, 235, 236, 237], "excluded_lines": [], "start_line": 169}, "": {"executed_lines": [], "summary": {"covered_lines": 0, "num_statements": 15, "percent_covered": 0.0, "percent_covered_display": "0", "missing_lines": 15, "excluded_lines": 0, "percent_statements_covered": 0.0, "percent_statements_covered_display": "0"}, "missing_lines": [8, 9, 10, 12, 14, 15, 24, 26, 51, 54, 62, 65, 145, 147, 169], "excluded_lines": [], "start_line": 1}}, "classes": {"ComplianceAgent": {"executed_lines": [], "summary": {"covered_lines": 0, "num_statements": 85, "percent_covered": 0.0, "percent_covered_display": "0", "missing_lines": 85, "excluded_lines": 0, "percent_statements_covered": 0.0, "percent_statements_covered_display": "0"}, "missing_lines": [55, 63, 66, 67, 68, 71, 72, 73, 74, 77, 78, 79, 80, 82, 83, 89, 106, 111, 112, 113, 122, 125, 128, 129, 131, 133, 135, 154, 155, 156, 157, 158, 159, 162, 164, 165, 166, 167, 173, 174, 175, 176, 177, 178, 179, 180, 181, 182, 183, 186, 187, 192, 194, 199, 200, 201, 202, 203, 204, 205, 206, 208, 209, 211, 213, 214, 215, 216, 217, 218, 219, 220, 222, 223, 226, 228, 229, 230, 231, 232, 233, 234, 235, 236, 237], "excluded_lines": [], "start_line": 51}, "": {"executed_lines": [], "summary": {"covered_lines": 0, "num_statements": 15, "percent_covered": 0.0, "percent_covered_display": "0", "missing_lines": 15, "excluded_lines": 0, "percent_statements_covered": 0.0, "percent_statements_covered_display": "0"}, "missing_lines": [8, 9, 10, 12, 14, 15, 24, 26, 51, 54, 62, 65, 145, 147, 169], "excluded_lines": [], "start_line": 1}}}, "agents\\critic.py": {"executed_lines": [], "summary": {"covered_lines": 0, "num_statements": 95, "percent_covered": 0.0, "percent_covered_display": "0", "missing_lines": 95, "excluded_lines": 0, "percent_statements_covered": 0.0, "percent_statements_covered_display": "0"}, "missing_lines": [43, 45, 47, 52, 60, 61, 62, 63, 64, 65, 66, 69, 76, 85, 96, 97, 100, 101, 112, 113, 125, 128, 137, 138, 139, 140, 141, 142, 152, 153, 154, 155, 156, 171, 180, 181, 182, 184, 185, 201, 202, 203, 204, 205, 206, 207, 208, 209, 213, 214, 228, 231, 232, 233, 234, 235, 236, 237, 238, 239, 240, 241, 244, 250, 251, 252, 253, 254, 255, 256, 257, 258, 268, 269, 279, 282, 306, 307, 309, 312, 317, 324, 325, 326, 327, 334, 340, 346, 349, 351, 352, 353, 354, 355, 356], "excluded_lines": [], "functions": {"_as_float": {"executed_lines": [], "summary": {"covered_lines": 0, "num_statements": 6, "percent_covered": 0.0, "percent_covered_display": "0", "missing_lines": 6, "excluded_lines": 0, "percent_statements_covered": 0.0, "percent_statements_covered_display": "0"}, "missing_lines": [61, 62, 63, 64, 65, 66], "excluded_lines": [], "start_line": 60}, "_issue": {"executed_lines": [], "summary": {"covered_lines": 0, "num_statements": 1, "percent_covered": 0.0, "percent_covered_display": "0", "missing_lines": 1, "excluded_lines": 0, "percent_statements_covered": 0.0, "percent_statements_covered_display": "0"}, "missing_lines": [76], "excluded_lines": [], "start_line": 69}, "_compare_scalar": {"executed_lines": [], "summary": {"covered_lines": 0, "num_statements": 7, "percent_covered": 0.0, "percent_covered_display": "0", "missing_lines": 7, "excluded_lines": 0, "percent_statements_covered": 0.0, "percent_statements_covered_display": "0"}, "missing_lines": [96, 97, 100, 101, 112, 113, 125], "excluded_lines": [], "start_line": 85}, "_compare_numeric": {"executed_lines": [], "summary": {"covered_lines": 0, "num_statements": 11, "percent_covered": 0.0, "percent_covered_display": "0", "missing_lines": 11, "excluded_lines": 0, "percent_statements_covered": 0.0, "percent_statements_covered_display": "0"}, "missing_lines": [137, 138, 139, 140, 141, 142, 152, 153, 154, 155, 156], "excluded_lines": [], "start_line": 128}, "_compare_bom": {"executed_lines": [], "summary": {"covered_lines": 0, "num_statements": 17, "percent_covered": 0.0, "percent_covered_display": "0", "missing_lines": 17, "excluded_lines": 0, "percent_statements_covered": 0.0, "percent_statements_covered_display": "0"}, "missing_lines": [180, 181, 182, 184, 185, 201, 202, 203, 204, 205, 206, 207, 208, 209, 213, 214, 228], "excluded_lines": [], "start_line": 171}, "_normalise_citations": {"executed_lines": [], "summary": {"covered_lines": 0, "num_statements": 10, "percent_covered": 0.0, "percent_covered_display": "0", "missing_lines": 10, "excluded_lines": 0, "percent_statements_covered": 0.0, "percent_statements_covered_display": "0"}, "missing_lines": [232, 233, 234, 235, 236, 237, 238, 239, 240, 241], "excluded_lines": [], "start_line": 231}, "_compare_citations": {"executed_lines": [], "summary": {"covered_lines": 0, "num_statements": 12, "percent_covered": 0.0, "percent_covered_display": "0", "missing_lines": 12, "excluded_lines": 0, "percent_statements_covered": 0.0, "percent_statements_covered_display": "0"}, "missing_lines": [250, 251, 252, 253, 254, 255, 256, 257, 258, 268, 269, 279], "excluded_lines": [], "start_line": 244}, "compare_designs": {"executed_lines": [], "summary": {"covered_lines": 0, "num_statements": 12, "percent_covered": 0.0, "percent_covered_display": "0", "missing_lines": 12, "excluded_lines": 0, "percent_statements_covered": 0.0, "percent_statements_covered_display": "0"}, "missing_lines": [306, 307, 309, 312, 317, 324, 325, 326, 327, 334, 340, 346], "excluded_lines": [], "start_line": 282}, "summarise": {"executed_lines": [], "summary": {"covered_lines": 0, "num_statements": 6, "percent_covered": 0.0, "percent_covered_display": "0", "missing_lines": 6, "excluded_lines": 0, "percent_statements_covered": 0.0, "percent_statements_covered_display": "0"}, "missing_lines": [351, 352, 353, 354, 355, 356], "excluded_lines": [], "start_line": 349}, "": {"executed_lines": [], "summary": {"covered_lines": 0, "num_statements": 13, "percent_covered": 0.0, "percent_covered_display": "0", "missing_lines": 13, "excluded_lines": 0, "percent_statements_covered": 0.0, "percent_statements_covered_display": "0"}, "missing_lines": [43, 45, 47, 52, 60, 69, 85, 128, 171, 231, 244, 282, 349], "excluded_lines": [], "start_line": 1}}, "classes": {"": {"executed_lines": [], "summary": {"covered_lines": 0, "num_statements": 95, "percent_covered": 0.0, "percent_covered_display": "0", "missing_lines": 95, "excluded_lines": 0, "percent_statements_covered": 0.0, "percent_statements_covered_display": "0"}, "missing_lines": [43, 45, 47, 52, 60, 61, 62, 63, 64, 65, 66, 69, 76, 85, 96, 97, 100, 101, 112, 113, 125, 128, 137, 138, 139, 140, 141, 142, 152, 153, 154, 155, 156, 171, 180, 181, 182, 184, 185, 201, 202, 203, 204, 205, 206, 207, 208, 209, 213, 214, 228, 231, 232, 233, 234, 235, 236, 237, 238, 239, 240, 241, 244, 250, 251, 252, 253, 254, 255, 256, 257, 258, 268, 269, 279, 282, 306, 307, 309, 312, 317, 324, 325, 326, 327, 334, 340, 346, 349, 351, 352, 353, 354, 355, 356], "excluded_lines": [], "start_line": 1}}}, "agents\\critic_agent.py": {"executed_lines": [], "summary": {"covered_lines": 0, "num_statements": 56, "percent_covered": 0.0, "percent_covered_display": "0", "missing_lines": 56, "excluded_lines": 0, "percent_statements_covered": 0.0, "percent_statements_covered_display": "0"}, "missing_lines": [28, 30, 31, 32, 34, 36, 39, 57, 60, 62, 63, 64, 65, 66, 67, 68, 69, 70, 71, 75, 77, 78, 79, 80, 83, 88, 89, 90, 91, 92, 103, 106, 133, 134, 137, 138, 139, 140, 141, 142, 143, 144, 145, 146, 147, 149, 158, 159, 165, 166, 167, 169, 170, 171, 172, 173], "excluded_lines": [], "functions": {"parse_critic_response": {"executed_lines": [], "summary": {"covered_lines": 0, "num_statements": 15, "percent_covered": 0.0, "percent_covered_display": "0", "missing_lines": 15, "excluded_lines": 0, "percent_statements_covered": 0.0, "percent_statements_covered_display": "0"}, "missing_lines": [62, 63, 64, 65, 66, 67, 68, 69, 70, 71, 75, 77, 78, 79, 80], "excluded_lines": [], "start_line": 60}, "disagreements_to_issues": {"executed_lines": [], "summary": {"covered_lines": 0, "num_statements": 6, "percent_covered": 0.0, "percent_covered_display": "0", "missing_lines": 6, "excluded_lines": 0, "percent_statements_covered": 0.0, "percent_statements_covered_display": "0"}, "missing_lines": [88, 89, 90, 91, 92, 103], "excluded_lines": [], "start_line": 83}, "run_critic": {"executed_lines": [], "summary": {"covered_lines": 0, "num_statements": 24, "percent_covered": 0.0, "percent_covered_display": "0", "missing_lines": 24, "excluded_lines": 0, "percent_statements_covered": 0.0, "percent_statements_covered_display": "0"}, "missing_lines": [133, 134, 137, 138, 139, 140, 141, 142, 143, 144, 145, 146, 147, 149, 158, 159, 165, 166, 167, 169, 170, 171, 172, 173], "excluded_lines": [], "start_line": 106}, "": {"executed_lines": [], "summary": {"covered_lines": 0, "num_statements": 11, "percent_covered": 0.0, "percent_covered_display": "0", "missing_lines": 11, "excluded_lines": 0, "percent_statements_covered": 0.0, "percent_statements_covered_display": "0"}, "missing_lines": [28, 30, 31, 32, 34, 36, 39, 57, 60, 83, 106], "excluded_lines": [], "start_line": 1}}, "classes": {"": {"executed_lines": [], "summary": {"covered_lines": 0, "num_statements": 56, "percent_covered": 0.0, "percent_covered_display": "0", "missing_lines": 56, "excluded_lines": 0, "percent_statements_covered": 0.0, "percent_statements_covered_display": "0"}, "missing_lines": [28, 30, 31, 32, 34, 36, 39, 57, 60, 62, 63, 64, 65, 66, 67, 68, 69, 70, 71, 75, 77, 78, 79, 80, 83, 88, 89, 90, 91, 92, 103, 106, 133, 134, 137, 138, 139, 140, 141, 142, 143, 144, 145, 146, 147, 149, 158, 159, 165, 166, 167, 169, 170, 171, 172, 173], "excluded_lines": [], "start_line": 1}}}, "agents\\document_agent.py": {"executed_lines": [], "summary": {"covered_lines": 0, "num_statements": 121, "percent_covered": 0.0, "percent_covered_display": "0", "missing_lines": 121, "excluded_lines": 0, "percent_statements_covered": 0.0, "percent_statements_covered_display": "0"}, "missing_lines": [8, 9, 10, 11, 13, 14, 15, 17, 19, 89, 92, 93, 99, 101, 102, 104, 105, 106, 107, 110, 111, 112, 113, 115, 116, 123, 135, 136, 137, 138, 139, 143, 144, 145, 146, 154, 162, 163, 172, 180, 194, 195, 196, 197, 198, 201, 202, 204, 210, 216, 219, 221, 320, 337, 338, 340, 347, 348, 349, 351, 352, 356, 360, 361, 362, 363, 367, 379, 381, 382, 383, 384, 385, 386, 387, 388, 389, 391, 392, 395, 396, 400, 403, 404, 405, 406, 407, 408, 409, 410, 411, 412, 413, 414, 416, 417, 418, 421, 422, 423, 426, 427, 428, 430, 432, 433, 434, 436, 438, 439, 440, 441, 442, 443, 448, 449, 450, 452, 454, 455, 456], "excluded_lines": [], "functions": {"DocumentAgent.__init__": {"executed_lines": [], "summary": {"covered_lines": 0, "num_statements": 2, "percent_covered": 0.0, "percent_covered_display": "0", "missing_lines": 2, "excluded_lines": 0, "percent_statements_covered": 0.0, "percent_statements_covered_display": "0"}, "missing_lines": [93, 99], "excluded_lines": [], "start_line": 92}, "DocumentAgent.get_system_prompt": {"executed_lines": [], "summary": {"covered_lines": 0, "num_statements": 1, "percent_covered": 0.0, "percent_covered_display": "0", "missing_lines": 1, "excluded_lines": 0, "percent_statements_covered": 0.0, "percent_statements_covered_display": "0"}, "missing_lines": [102], "excluded_lines": [], "start_line": 101}, "DocumentAgent.execute": {"executed_lines": [], "summary": {"covered_lines": 0, "num_statements": 32, "percent_covered": 0.0, "percent_covered_display": "0", "missing_lines": 32, "excluded_lines": 0, "percent_statements_covered": 0.0, "percent_statements_covered_display": "0"}, "missing_lines": [105, 106, 107, 110, 111, 112, 113, 115, 116, 123, 135, 136, 137, 138, 139, 143, 144, 145, 146, 154, 162, 163, 172, 180, 194, 195, 196, 197, 198, 201, 202, 204], "excluded_lines": [], "start_line": 104}, "DocumentAgent._generate_hrs": {"executed_lines": [], "summary": {"covered_lines": 0, "num_statements": 31, "percent_covered": 0.0, "percent_covered_display": "0", "missing_lines": 31, "excluded_lines": 0, "percent_statements_covered": 0.0, "percent_statements_covered_display": "0"}, "missing_lines": [216, 219, 221, 320, 337, 338, 340, 395, 396, 400, 403, 404, 405, 406, 407, 408, 409, 410, 411, 412, 413, 414, 416, 417, 418, 421, 422, 423, 426, 427, 428], "excluded_lines": [], "start_line": 210}, "DocumentAgent._generate_hrs._generate_section": {"executed_lines": [], "summary": {"covered_lines": 0, "num_statements": 23, "percent_covered": 0.0, "percent_covered_display": "0", "missing_lines": 23, "excluded_lines": 0, "percent_statements_covered": 0.0, "percent_statements_covered_display": "0"}, "missing_lines": [347, 348, 349, 351, 352, 356, 360, 361, 362, 363, 367, 379, 381, 382, 383, 384, 385, 386, 387, 388, 389, 391, 392], "excluded_lines": [], "start_line": 340}, "DocumentAgent._load_file": {"executed_lines": [], "summary": {"covered_lines": 0, "num_statements": 3, "percent_covered": 0.0, "percent_covered_display": "0", "missing_lines": 3, "excluded_lines": 0, "percent_statements_covered": 0.0, "percent_statements_covered_display": "0"}, "missing_lines": [432, 433, 434], "excluded_lines": [], "start_line": 430}, "DocumentAgent._extract_requirements": {"executed_lines": [], "summary": {"covered_lines": 0, "num_statements": 9, "percent_covered": 0.0, "percent_covered_display": "0", "missing_lines": 9, "excluded_lines": 0, "percent_statements_covered": 0.0, "percent_statements_covered_display": "0"}, "missing_lines": [438, 439, 440, 441, 442, 443, 448, 449, 450], "excluded_lines": [], "start_line": 436}, "DocumentAgent._extract_components": {"executed_lines": [], "summary": {"covered_lines": 0, "num_statements": 3, "percent_covered": 0.0, "percent_covered_display": "0", "missing_lines": 3, "excluded_lines": 0, "percent_statements_covered": 0.0, "percent_statements_covered_display": "0"}, "missing_lines": [454, 455, 456], "excluded_lines": [], "start_line": 452}, "": {"executed_lines": [], "summary": {"covered_lines": 0, "num_statements": 17, "percent_covered": 0.0, "percent_covered_display": "0", "missing_lines": 17, "excluded_lines": 0, "percent_statements_covered": 0.0, "percent_statements_covered_display": "0"}, "missing_lines": [8, 9, 10, 11, 13, 14, 15, 17, 19, 89, 92, 101, 104, 210, 430, 436, 452], "excluded_lines": [], "start_line": 1}}, "classes": {"DocumentAgent": {"executed_lines": [], "summary": {"covered_lines": 0, "num_statements": 104, "percent_covered": 0.0, "percent_covered_display": "0", "missing_lines": 104, "excluded_lines": 0, "percent_statements_covered": 0.0, "percent_statements_covered_display": "0"}, "missing_lines": [93, 99, 102, 105, 106, 107, 110, 111, 112, 113, 115, 116, 123, 135, 136, 137, 138, 139, 143, 144, 145, 146, 154, 162, 163, 172, 180, 194, 195, 196, 197, 198, 201, 202, 204, 216, 219, 221, 320, 337, 338, 340, 347, 348, 349, 351, 352, 356, 360, 361, 362, 363, 367, 379, 381, 382, 383, 384, 385, 386, 387, 388, 389, 391, 392, 395, 396, 400, 403, 404, 405, 406, 407, 408, 409, 410, 411, 412, 413, 414, 416, 417, 418, 421, 422, 423, 426, 427, 428, 432, 433, 434, 438, 439, 440, 441, 442, 443, 448, 449, 450, 454, 455, 456], "excluded_lines": [], "start_line": 89}, "": {"executed_lines": [], "summary": {"covered_lines": 0, "num_statements": 17, "percent_covered": 0.0, "percent_covered_display": "0", "missing_lines": 17, "excluded_lines": 0, "percent_statements_covered": 0.0, "percent_statements_covered_display": "0"}, "missing_lines": [8, 9, 10, 11, 13, 14, 15, 17, 19, 89, 92, 101, 104, 210, 430, 436, 452], "excluded_lines": [], "start_line": 1}}}, "agents\\fpga_agent.py": {"executed_lines": [], "summary": {"covered_lines": 0, "num_statements": 755, "percent_covered": 0.0, "percent_covered_display": "0", "missing_lines": 755, "excluded_lines": 0, "percent_statements_covered": 0.0, "percent_statements_covered_display": "0"}, "missing_lines": [23, 24, 25, 26, 27, 29, 30, 31, 32, 34, 41, 46, 47, 57, 60, 72, 73, 74, 75, 76, 77, 79, 80, 81, 82, 83, 84, 86, 87, 88, 90, 91, 93, 94, 95, 98, 102, 103, 106, 113, 194, 244, 266, 286, 306, 330, 396, 399, 400, 419, 425, 426, 427, 428, 430, 431, 432, 433, 434, 442, 443, 459, 460, 461, 462, 463, 466, 467, 468, 469, 470, 471, 473, 474, 475, 477, 529, 538, 543, 544, 545, 546, 547, 548, 550, 551, 552, 553, 554, 562, 566, 568, 573, 574, 579, 580, 584, 585, 586, 587, 588, 589, 591, 593, 600, 601, 602, 603, 604, 607, 611, 615, 619, 620, 621, 625, 626, 627, 628, 629, 633, 634, 635, 636, 637, 649, 650, 651, 652, 653, 654, 656, 658, 666, 669, 670, 672, 673, 674, 675, 676, 677, 681, 682, 683, 692, 693, 694, 696, 707, 780, 781, 782, 787, 792, 793, 794, 801, 802, 803, 804, 806, 816, 817, 818, 819, 820, 821, 822, 823, 824, 826, 836, 837, 840, 854, 855, 862, 863, 869, 872, 873, 874, 875, 883, 884, 885, 886, 887, 888, 889, 892, 917, 923, 932, 933, 934, 935, 936, 937, 938, 939, 941, 952, 953, 956, 957, 958, 959, 960, 961, 962, 965, 966, 967, 968, 969, 972, 973, 974, 975, 976, 977, 980, 994, 995, 1003, 1004, 1011, 1012, 1018, 1019, 1025, 1026, 1032, 1033, 1038, 1046, 1058, 1059, 1067, 1068, 1069, 1070, 1071, 1072, 1073, 1074, 1075, 1076, 1077, 1078, 1079, 1082, 1083, 1084, 1085, 1086, 1089, 1090, 1091, 1092, 1093, 1094, 1095, 1096, 1097, 1100, 1101, 1102, 1103, 1104, 1105, 1106, 1107, 1108, 1109, 1112, 1113, 1114, 1115, 1116, 1117, 1118, 1119, 1120, 1121, 1122, 1123, 1126, 1127, 1128, 1129, 1132, 1133, 1134, 1135, 1136, 1139, 1140, 1141, 1142, 1143, 1144, 1145, 1146, 1147, 1148, 1149, 1150, 1151, 1152, 1153, 1154, 1155, 1156, 1157, 1158, 1161, 1162, 1163, 1164, 1165, 1166, 1167, 1168, 1169, 1170, 1171, 1172, 1173, 1174, 1175, 1176, 1177, 1178, 1179, 1180, 1181, 1182, 1183, 1184, 1185, 1186, 1187, 1190, 1191, 1192, 1193, 1194, 1195, 1196, 1197, 1200, 1201, 1202, 1203, 1204, 1205, 1206, 1207, 1208, 1209, 1210, 1211, 1212, 1213, 1214, 1215, 1216, 1217, 1218, 1219, 1220, 1221, 1222, 1223, 1224, 1225, 1226, 1228, 1229, 1230, 1231, 1232, 1233, 1234, 1235, 1236, 1237, 1238, 1239, 1240, 1241, 1242, 1243, 1244, 1245, 1246, 1247, 1248, 1249, 1250, 1253, 1254, 1255, 1256, 1257, 1258, 1259, 1260, 1261, 1262, 1263, 1264, 1265, 1266, 1267, 1268, 1269, 1270, 1271, 1272, 1273, 1274, 1275, 1276, 1277, 1278, 1279, 1280, 1281, 1282, 1283, 1284, 1285, 1286, 1287, 1288, 1289, 1290, 1291, 1292, 1293, 1294, 1295, 1296, 1297, 1298, 1299, 1300, 1301, 1304, 1305, 1306, 1307, 1308, 1309, 1312, 1313, 1314, 1315, 1316, 1317, 1318, 1319, 1320, 1323, 1324, 1325, 1326, 1328, 1329, 1332, 1333, 1334, 1335, 1336, 1337, 1338, 1339, 1340, 1341, 1342, 1343, 1344, 1345, 1346, 1347, 1348, 1349, 1350, 1351, 1352, 1353, 1354, 1355, 1356, 1357, 1358, 1359, 1360, 1361, 1362, 1363, 1364, 1365, 1366, 1367, 1368, 1369, 1370, 1371, 1372, 1373, 1374, 1375, 1376, 1377, 1378, 1379, 1380, 1381, 1382, 1383, 1384, 1385, 1386, 1387, 1388, 1389, 1390, 1391, 1392, 1393, 1394, 1395, 1396, 1397, 1398, 1399, 1400, 1401, 1402, 1403, 1404, 1405, 1406, 1407, 1408, 1409, 1410, 1411, 1412, 1413, 1414, 1415, 1416, 1417, 1418, 1419, 1420, 1421, 1422, 1423, 1426, 1444, 1445, 1451, 1452, 1468, 1469, 1475, 1478, 1479, 1480, 1481, 1482, 1483, 1484, 1486, 1489, 1490, 1492, 1516, 1517, 1525, 1530, 1531, 1532, 1546, 1558, 1567, 1568, 1569, 1570, 1571, 1572, 1573, 1575, 1576, 1577, 1580, 1589, 1590, 1591, 1592, 1593, 1594, 1595, 1596, 1597, 1598, 1599, 1600, 1601, 1602, 1603, 1604, 1605, 1606, 1607, 1608, 1609, 1610, 1611, 1612, 1613, 1614, 1615, 1616, 1617, 1618, 1619, 1620, 1621, 1622, 1623, 1624, 1625, 1626, 1627, 1628, 1629, 1630, 1631, 1632, 1633, 1634, 1635, 1636, 1637, 1638, 1639, 1640, 1641, 1642, 1643, 1644, 1645, 1646, 1647, 1648, 1649, 1650, 1651, 1652, 1653, 1654, 1655, 1656, 1657, 1658, 1659, 1660, 1661, 1662, 1663, 1664, 1665, 1666, 1667, 1668, 1669, 1670, 1671, 1672, 1673, 1674, 1675, 1676, 1677, 1678, 1679, 1680, 1681, 1682, 1685, 1686, 1687, 1688, 1689, 1690, 1691, 1692, 1693, 1694, 1695, 1696, 1697, 1698, 1699, 1700, 1701, 1702, 1703, 1704, 1705, 1706, 1707, 1708, 1709, 1710, 1711, 1712, 1713, 1714, 1715, 1716, 1717, 1718, 1719, 1720, 1721, 1722, 1723, 1724, 1725, 1726, 1727, 1728, 1729, 1730, 1731, 1732, 1735, 1740, 1742, 1750, 1751, 1752, 1753, 1754, 1755, 1756], "excluded_lines": [], "functions": {"_make_doxygen_header": {"executed_lines": [], "summary": {"covered_lines": 0, "num_statements": 3, "percent_covered": 0.0, "percent_covered_display": "0", "missing_lines": 3, "excluded_lines": 0, "percent_statements_covered": 0.0, "percent_statements_covered_display": "0"}, "missing_lines": [46, 47, 57], "excluded_lines": [], "start_line": 41}, "_validate_port_consistency": {"executed_lines": [], "summary": {"covered_lines": 0, "num_statements": 24, "percent_covered": 0.0, "percent_covered_display": "0", "missing_lines": 24, "excluded_lines": 0, "percent_statements_covered": 0.0, "percent_statements_covered_display": "0"}, "missing_lines": [72, 73, 74, 75, 76, 77, 79, 80, 81, 82, 83, 84, 86, 87, 88, 90, 91, 93, 94, 95, 98, 102, 103, 106], "excluded_lines": [], "start_line": 60}, "FpgaAgent.__init__": {"executed_lines": [], "summary": {"covered_lines": 0, "num_statements": 1, "percent_covered": 0.0, "percent_covered_display": "0", "missing_lines": 1, "excluded_lines": 0, "percent_statements_covered": 0.0, "percent_statements_covered_display": "0"}, "missing_lines": [400], "excluded_lines": [], "start_line": 399}, "FpgaAgent.get_system_prompt": {"executed_lines": [], "summary": {"covered_lines": 0, "num_statements": 4, "percent_covered": 0.0, "percent_covered_display": "0", "missing_lines": 4, "excluded_lines": 0, "percent_statements_covered": 0.0, "percent_statements_covered_display": "0"}, "missing_lines": [425, 426, 427, 428], "excluded_lines": [], "start_line": 419}, "FpgaAgent.execute": {"executed_lines": [], "summary": {"covered_lines": 0, "num_statements": 97, "percent_covered": 0.0, "percent_covered_display": "0", "missing_lines": 97, "excluded_lines": 0, "percent_statements_covered": 0.0, "percent_statements_covered_display": "0"}, "missing_lines": [431, 432, 433, 434, 442, 443, 459, 460, 461, 462, 463, 466, 467, 468, 469, 470, 471, 473, 474, 475, 477, 529, 538, 543, 544, 545, 546, 547, 548, 550, 551, 552, 553, 554, 562, 566, 568, 591, 593, 600, 601, 602, 603, 604, 607, 611, 615, 619, 620, 621, 625, 626, 627, 628, 629, 633, 634, 635, 636, 637, 649, 650, 651, 652, 653, 654, 656, 658, 666, 669, 670, 672, 673, 674, 675, 676, 677, 681, 682, 683, 692, 693, 694, 696, 707, 780, 781, 782, 787, 792, 793, 794, 801, 802, 803, 804, 806], "excluded_lines": [], "start_line": 430}, "FpgaAgent.execute._gen_section": {"executed_lines": [], "summary": {"covered_lines": 0, "num_statements": 10, "percent_covered": 0.0, "percent_covered_display": "0", "missing_lines": 10, "excluded_lines": 0, "percent_statements_covered": 0.0, "percent_statements_covered_display": "0"}, "missing_lines": [573, 574, 579, 580, 584, 585, 586, 587, 588, 589], "excluded_lines": [], "start_line": 568}, "FpgaAgent.execute._maybe_prepend_header": {"executed_lines": [], "summary": {"covered_lines": 0, "num_statements": 0, "percent_covered": 100.0, "percent_covered_display": "100", "missing_lines": 0, "excluded_lines": 0, "percent_statements_covered": 100.0, "percent_statements_covered_display": "100"}, "missing_lines": [], "excluded_lines": [], "start_line": 723}, "FpgaAgent._build_design_report": {"executed_lines": [], "summary": {"covered_lines": 0, "num_statements": 30, "percent_covered": 0.0, "percent_covered_display": "0", "missing_lines": 30, "excluded_lines": 0, "percent_statements_covered": 0.0, "percent_statements_covered_display": "0"}, "missing_lines": [817, 818, 819, 820, 821, 822, 823, 824, 826, 836, 837, 840, 854, 855, 862, 863, 869, 872, 873, 874, 875, 883, 884, 885, 886, 887, 888, 889, 892, 917], "excluded_lines": [], "start_line": 816}, "FpgaAgent._build_skeleton": {"executed_lines": [], "summary": {"covered_lines": 0, "num_statements": 8, "percent_covered": 0.0, "percent_covered_display": "0", "missing_lines": 8, "excluded_lines": 0, "percent_statements_covered": 0.0, "percent_statements_covered_display": "0"}, "missing_lines": [932, 933, 934, 935, 936, 937, 938, 939], "excluded_lines": [], "start_line": 923}, "FpgaAgent._build_skeleton_verilog_legacy_unused": {"executed_lines": [], "summary": {"covered_lines": 0, "num_statements": 388, "percent_covered": 0.0, "percent_covered_display": "0", "missing_lines": 388, "excluded_lines": 0, "percent_statements_covered": 0.0, "percent_statements_covered_display": "0"}, "missing_lines": [952, 953, 956, 957, 958, 959, 960, 961, 962, 965, 966, 967, 968, 969, 972, 973, 974, 975, 976, 977, 980, 994, 995, 1003, 1004, 1011, 1012, 1018, 1019, 1025, 1026, 1032, 1033, 1038, 1046, 1058, 1059, 1067, 1068, 1069, 1070, 1071, 1072, 1073, 1074, 1075, 1076, 1077, 1078, 1079, 1082, 1083, 1084, 1085, 1086, 1089, 1090, 1091, 1092, 1093, 1094, 1095, 1096, 1097, 1100, 1101, 1102, 1103, 1104, 1105, 1106, 1107, 1108, 1109, 1112, 1113, 1114, 1115, 1116, 1117, 1118, 1119, 1120, 1121, 1122, 1123, 1126, 1127, 1128, 1129, 1132, 1133, 1134, 1135, 1136, 1139, 1140, 1141, 1142, 1143, 1144, 1145, 1146, 1147, 1148, 1149, 1150, 1151, 1152, 1153, 1154, 1155, 1156, 1157, 1158, 1161, 1162, 1163, 1164, 1165, 1166, 1167, 1168, 1169, 1170, 1171, 1172, 1173, 1174, 1175, 1176, 1177, 1178, 1179, 1180, 1181, 1182, 1183, 1184, 1185, 1186, 1187, 1190, 1191, 1192, 1193, 1194, 1195, 1196, 1197, 1200, 1201, 1202, 1203, 1204, 1205, 1206, 1207, 1208, 1209, 1210, 1211, 1212, 1213, 1214, 1215, 1216, 1217, 1218, 1219, 1220, 1221, 1222, 1223, 1224, 1225, 1226, 1228, 1229, 1230, 1231, 1232, 1233, 1234, 1235, 1236, 1237, 1238, 1239, 1240, 1241, 1242, 1243, 1244, 1245, 1246, 1247, 1248, 1249, 1250, 1253, 1254, 1255, 1256, 1257, 1258, 1259, 1260, 1261, 1262, 1263, 1264, 1265, 1266, 1267, 1268, 1269, 1270, 1271, 1272, 1273, 1274, 1275, 1276, 1277, 1278, 1279, 1280, 1281, 1282, 1283, 1284, 1285, 1286, 1287, 1288, 1289, 1290, 1291, 1292, 1293, 1294, 1295, 1296, 1297, 1298, 1299, 1300, 1301, 1304, 1305, 1306, 1307, 1308, 1309, 1312, 1313, 1314, 1315, 1316, 1317, 1318, 1319, 1320, 1323, 1324, 1325, 1326, 1328, 1329, 1332, 1333, 1334, 1335, 1336, 1337, 1338, 1339, 1340, 1341, 1342, 1343, 1344, 1345, 1346, 1347, 1348, 1349, 1350, 1351, 1352, 1353, 1354, 1355, 1356, 1357, 1358, 1359, 1360, 1361, 1362, 1363, 1364, 1365, 1366, 1367, 1368, 1369, 1370, 1371, 1372, 1373, 1374, 1375, 1376, 1377, 1378, 1379, 1380, 1381, 1382, 1383, 1384, 1385, 1386, 1387, 1388, 1389, 1390, 1391, 1392, 1393, 1394, 1395, 1396, 1397, 1398, 1399, 1400, 1401, 1402, 1403, 1404, 1405, 1406, 1407, 1408, 1409, 1410, 1411, 1412, 1413, 1414, 1415, 1416, 1417, 1418, 1419, 1420, 1421, 1422, 1423, 1426, 1444, 1445, 1451, 1452, 1468, 1469, 1475, 1478, 1479, 1480, 1481, 1482, 1483, 1484, 1486, 1489, 1490, 1492, 1516, 1517, 1525, 1530, 1531, 1532, 1546], "excluded_lines": [], "start_line": 941}, "FpgaAgent._build_skeleton_vhdl": {"executed_lines": [], "summary": {"covered_lines": 0, "num_statements": 156, "percent_covered": 0.0, "percent_covered_display": "0", "missing_lines": 156, "excluded_lines": 0, "percent_statements_covered": 0.0, "percent_statements_covered_display": "0"}, "missing_lines": [1567, 1568, 1569, 1570, 1571, 1572, 1573, 1575, 1576, 1577, 1580, 1589, 1590, 1591, 1592, 1593, 1594, 1595, 1596, 1597, 1598, 1599, 1600, 1601, 1602, 1603, 1604, 1605, 1606, 1607, 1608, 1609, 1610, 1611, 1612, 1613, 1614, 1615, 1616, 1617, 1618, 1619, 1620, 1621, 1622, 1623, 1624, 1625, 1626, 1627, 1628, 1629, 1630, 1631, 1632, 1633, 1634, 1635, 1636, 1637, 1638, 1639, 1640, 1641, 1642, 1643, 1644, 1645, 1646, 1647, 1648, 1649, 1650, 1651, 1652, 1653, 1654, 1655, 1656, 1657, 1658, 1659, 1660, 1661, 1662, 1663, 1664, 1665, 1666, 1667, 1668, 1669, 1670, 1671, 1672, 1673, 1674, 1675, 1676, 1677, 1678, 1679, 1680, 1681, 1682, 1685, 1686, 1687, 1688, 1689, 1690, 1691, 1692, 1693, 1694, 1695, 1696, 1697, 1698, 1699, 1700, 1701, 1702, 1703, 1704, 1705, 1706, 1707, 1708, 1709, 1710, 1711, 1712, 1713, 1714, 1715, 1716, 1717, 1718, 1719, 1720, 1721, 1722, 1723, 1724, 1725, 1726, 1727, 1728, 1729, 1730, 1731, 1732, 1735, 1740, 1742], "excluded_lines": [], "start_line": 1558}, "FpgaAgent._load_file": {"executed_lines": [], "summary": {"covered_lines": 0, "num_statements": 6, "percent_covered": 0.0, "percent_covered_display": "0", "missing_lines": 6, "excluded_lines": 0, "percent_statements_covered": 0.0, "percent_statements_covered_display": "0"}, "missing_lines": [1751, 1752, 1753, 1754, 1755, 1756], "excluded_lines": [], "start_line": 1750}, "": {"executed_lines": [], "summary": {"covered_lines": 0, "num_statements": 28, "percent_covered": 0.0, "percent_covered_display": "0", "missing_lines": 28, "excluded_lines": 0, "percent_statements_covered": 0.0, "percent_statements_covered_display": "0"}, "missing_lines": [23, 24, 25, 26, 27, 29, 30, 31, 32, 34, 41, 60, 113, 194, 244, 266, 286, 306, 330, 396, 399, 419, 430, 816, 923, 941, 1558, 1750], "excluded_lines": [], "start_line": 1}}, "classes": {"FpgaAgent": {"executed_lines": [], "summary": {"covered_lines": 0, "num_statements": 700, "percent_covered": 0.0, "percent_covered_display": "0", "missing_lines": 700, "excluded_lines": 0, "percent_statements_covered": 0.0, "percent_statements_covered_display": "0"}, "missing_lines": [400, 425, 426, 427, 428, 431, 432, 433, 434, 442, 443, 459, 460, 461, 462, 463, 466, 467, 468, 469, 470, 471, 473, 474, 475, 477, 529, 538, 543, 544, 545, 546, 547, 548, 550, 551, 552, 553, 554, 562, 566, 568, 573, 574, 579, 580, 584, 585, 586, 587, 588, 589, 591, 593, 600, 601, 602, 603, 604, 607, 611, 615, 619, 620, 621, 625, 626, 627, 628, 629, 633, 634, 635, 636, 637, 649, 650, 651, 652, 653, 654, 656, 658, 666, 669, 670, 672, 673, 674, 675, 676, 677, 681, 682, 683, 692, 693, 694, 696, 707, 780, 781, 782, 787, 792, 793, 794, 801, 802, 803, 804, 806, 817, 818, 819, 820, 821, 822, 823, 824, 826, 836, 837, 840, 854, 855, 862, 863, 869, 872, 873, 874, 875, 883, 884, 885, 886, 887, 888, 889, 892, 917, 932, 933, 934, 935, 936, 937, 938, 939, 952, 953, 956, 957, 958, 959, 960, 961, 962, 965, 966, 967, 968, 969, 972, 973, 974, 975, 976, 977, 980, 994, 995, 1003, 1004, 1011, 1012, 1018, 1019, 1025, 1026, 1032, 1033, 1038, 1046, 1058, 1059, 1067, 1068, 1069, 1070, 1071, 1072, 1073, 1074, 1075, 1076, 1077, 1078, 1079, 1082, 1083, 1084, 1085, 1086, 1089, 1090, 1091, 1092, 1093, 1094, 1095, 1096, 1097, 1100, 1101, 1102, 1103, 1104, 1105, 1106, 1107, 1108, 1109, 1112, 1113, 1114, 1115, 1116, 1117, 1118, 1119, 1120, 1121, 1122, 1123, 1126, 1127, 1128, 1129, 1132, 1133, 1134, 1135, 1136, 1139, 1140, 1141, 1142, 1143, 1144, 1145, 1146, 1147, 1148, 1149, 1150, 1151, 1152, 1153, 1154, 1155, 1156, 1157, 1158, 1161, 1162, 1163, 1164, 1165, 1166, 1167, 1168, 1169, 1170, 1171, 1172, 1173, 1174, 1175, 1176, 1177, 1178, 1179, 1180, 1181, 1182, 1183, 1184, 1185, 1186, 1187, 1190, 1191, 1192, 1193, 1194, 1195, 1196, 1197, 1200, 1201, 1202, 1203, 1204, 1205, 1206, 1207, 1208, 1209, 1210, 1211, 1212, 1213, 1214, 1215, 1216, 1217, 1218, 1219, 1220, 1221, 1222, 1223, 1224, 1225, 1226, 1228, 1229, 1230, 1231, 1232, 1233, 1234, 1235, 1236, 1237, 1238, 1239, 1240, 1241, 1242, 1243, 1244, 1245, 1246, 1247, 1248, 1249, 1250, 1253, 1254, 1255, 1256, 1257, 1258, 1259, 1260, 1261, 1262, 1263, 1264, 1265, 1266, 1267, 1268, 1269, 1270, 1271, 1272, 1273, 1274, 1275, 1276, 1277, 1278, 1279, 1280, 1281, 1282, 1283, 1284, 1285, 1286, 1287, 1288, 1289, 1290, 1291, 1292, 1293, 1294, 1295, 1296, 1297, 1298, 1299, 1300, 1301, 1304, 1305, 1306, 1307, 1308, 1309, 1312, 1313, 1314, 1315, 1316, 1317, 1318, 1319, 1320, 1323, 1324, 1325, 1326, 1328, 1329, 1332, 1333, 1334, 1335, 1336, 1337, 1338, 1339, 1340, 1341, 1342, 1343, 1344, 1345, 1346, 1347, 1348, 1349, 1350, 1351, 1352, 1353, 1354, 1355, 1356, 1357, 1358, 1359, 1360, 1361, 1362, 1363, 1364, 1365, 1366, 1367, 1368, 1369, 1370, 1371, 1372, 1373, 1374, 1375, 1376, 1377, 1378, 1379, 1380, 1381, 1382, 1383, 1384, 1385, 1386, 1387, 1388, 1389, 1390, 1391, 1392, 1393, 1394, 1395, 1396, 1397, 1398, 1399, 1400, 1401, 1402, 1403, 1404, 1405, 1406, 1407, 1408, 1409, 1410, 1411, 1412, 1413, 1414, 1415, 1416, 1417, 1418, 1419, 1420, 1421, 1422, 1423, 1426, 1444, 1445, 1451, 1452, 1468, 1469, 1475, 1478, 1479, 1480, 1481, 1482, 1483, 1484, 1486, 1489, 1490, 1492, 1516, 1517, 1525, 1530, 1531, 1532, 1546, 1567, 1568, 1569, 1570, 1571, 1572, 1573, 1575, 1576, 1577, 1580, 1589, 1590, 1591, 1592, 1593, 1594, 1595, 1596, 1597, 1598, 1599, 1600, 1601, 1602, 1603, 1604, 1605, 1606, 1607, 1608, 1609, 1610, 1611, 1612, 1613, 1614, 1615, 1616, 1617, 1618, 1619, 1620, 1621, 1622, 1623, 1624, 1625, 1626, 1627, 1628, 1629, 1630, 1631, 1632, 1633, 1634, 1635, 1636, 1637, 1638, 1639, 1640, 1641, 1642, 1643, 1644, 1645, 1646, 1647, 1648, 1649, 1650, 1651, 1652, 1653, 1654, 1655, 1656, 1657, 1658, 1659, 1660, 1661, 1662, 1663, 1664, 1665, 1666, 1667, 1668, 1669, 1670, 1671, 1672, 1673, 1674, 1675, 1676, 1677, 1678, 1679, 1680, 1681, 1682, 1685, 1686, 1687, 1688, 1689, 1690, 1691, 1692, 1693, 1694, 1695, 1696, 1697, 1698, 1699, 1700, 1701, 1702, 1703, 1704, 1705, 1706, 1707, 1708, 1709, 1710, 1711, 1712, 1713, 1714, 1715, 1716, 1717, 1718, 1719, 1720, 1721, 1722, 1723, 1724, 1725, 1726, 1727, 1728, 1729, 1730, 1731, 1732, 1735, 1740, 1742, 1751, 1752, 1753, 1754, 1755, 1756], "excluded_lines": [], "start_line": 396}, "": {"executed_lines": [], "summary": {"covered_lines": 0, "num_statements": 55, "percent_covered": 0.0, "percent_covered_display": "0", "missing_lines": 55, "excluded_lines": 0, "percent_statements_covered": 0.0, "percent_statements_covered_display": "0"}, "missing_lines": [23, 24, 25, 26, 27, 29, 30, 31, 32, 34, 41, 46, 47, 57, 60, 72, 73, 74, 75, 76, 77, 79, 80, 81, 82, 83, 84, 86, 87, 88, 90, 91, 93, 94, 95, 98, 102, 103, 106, 113, 194, 244, 266, 286, 306, 330, 396, 399, 419, 430, 816, 923, 941, 1558, 1750], "excluded_lines": [], "start_line": 1}}}, "agents\\git_agent.py": {"executed_lines": [], "summary": {"covered_lines": 0, "num_statements": 170, "percent_covered": 0.0, "percent_covered_display": "0", "missing_lines": 170, "excluded_lines": 0, "percent_statements_covered": 0.0, "percent_statements_covered_display": "0"}, "missing_lines": [17, 18, 19, 20, 21, 23, 25, 28, 31, 32, 33, 35, 36, 37, 38, 39, 40, 41, 42, 48, 59, 60, 67, 68, 72, 73, 75, 76, 77, 79, 80, 81, 82, 83, 86, 87, 88, 89, 90, 92, 93, 94, 100, 104, 111, 113, 115, 116, 127, 128, 129, 135, 140, 142, 147, 148, 149, 150, 151, 152, 155, 156, 157, 160, 161, 163, 164, 165, 166, 167, 168, 169, 170, 171, 173, 175, 181, 182, 183, 184, 185, 186, 189, 190, 192, 199, 200, 201, 202, 204, 205, 206, 207, 208, 209, 211, 212, 214, 215, 216, 217, 219, 220, 221, 224, 226, 233, 234, 235, 236, 237, 239, 240, 241, 244, 246, 247, 248, 250, 251, 259, 260, 261, 263, 285, 286, 287, 288, 292, 305, 306, 307, 311, 312, 316, 317, 318, 319, 323, 324, 325, 332, 333, 338, 339, 345, 352, 362, 368, 375, 376, 378, 379, 382, 385, 386, 387, 389, 391, 392, 393, 394, 419, 425, 426, 428, 429, 430, 436, 437], "excluded_lines": [], "functions": {"GitAgent.__init__": {"executed_lines": [], "summary": {"covered_lines": 0, "num_statements": 10, "percent_covered": 0.0, "percent_covered_display": "0", "missing_lines": 10, "excluded_lines": 0, "percent_statements_covered": 0.0, "percent_statements_covered_display": "0"}, "missing_lines": [32, 33, 35, 36, 37, 38, 39, 40, 41, 42], "excluded_lines": [], "start_line": 31}, "GitAgent.commit_and_pr": {"executed_lines": [], "summary": {"covered_lines": 0, "num_statements": 31, "percent_covered": 0.0, "percent_covered_display": "0", "missing_lines": 31, "excluded_lines": 0, "percent_statements_covered": 0.0, "percent_statements_covered_display": "0"}, "missing_lines": [59, 60, 67, 68, 72, 73, 75, 76, 77, 79, 80, 81, 82, 83, 86, 87, 88, 89, 90, 92, 93, 94, 100, 104, 111, 113, 115, 116, 127, 128, 129], "excluded_lines": [], "start_line": 48}, "GitAgent._ensure_repo": {"executed_lines": [], "summary": {"covered_lines": 0, "num_statements": 23, "percent_covered": 0.0, "percent_covered_display": "0", "missing_lines": 23, "excluded_lines": 0, "percent_statements_covered": 0.0, "percent_statements_covered_display": "0"}, "missing_lines": [140, 142, 147, 148, 149, 150, 151, 152, 155, 156, 157, 160, 161, 163, 164, 165, 166, 167, 168, 169, 170, 171, 173], "excluded_lines": [], "start_line": 135}, "GitAgent._ensure_remote_base_branch": {"executed_lines": [], "summary": {"covered_lines": 0, "num_statements": 21, "percent_covered": 0.0, "percent_covered_display": "0", "missing_lines": 21, "excluded_lines": 0, "percent_statements_covered": 0.0, "percent_statements_covered_display": "0"}, "missing_lines": [181, 182, 183, 184, 185, 186, 189, 190, 192, 199, 200, 201, 202, 204, 205, 206, 207, 208, 209, 211, 212], "excluded_lines": [], "start_line": 175}, "GitAgent._make_branch_name": {"executed_lines": [], "summary": {"covered_lines": 0, "num_statements": 3, "percent_covered": 0.0, "percent_covered_display": "0", "missing_lines": 3, "excluded_lines": 0, "percent_statements_covered": 0.0, "percent_statements_covered_display": "0"}, "missing_lines": [215, 216, 217], "excluded_lines": [], "start_line": 214}, "GitAgent._create_branch": {"executed_lines": [], "summary": {"covered_lines": 0, "num_statements": 9, "percent_covered": 0.0, "percent_covered_display": "0", "missing_lines": 9, "excluded_lines": 0, "percent_statements_covered": 0.0, "percent_statements_covered_display": "0"}, "missing_lines": [220, 221, 224, 226, 233, 234, 235, 236, 237], "excluded_lines": [], "start_line": 219}, "GitAgent._stage_and_commit": {"executed_lines": [], "summary": {"covered_lines": 0, "num_statements": 11, "percent_covered": 0.0, "percent_covered_display": "0", "missing_lines": 11, "excluded_lines": 0, "percent_statements_covered": 0.0, "percent_statements_covered_display": "0"}, "missing_lines": [240, 241, 244, 246, 247, 248, 250, 251, 259, 260, 261], "excluded_lines": [], "start_line": 239}, "GitAgent._push_branch": {"executed_lines": [], "summary": {"covered_lines": 0, "num_statements": 24, "percent_covered": 0.0, "percent_covered_display": "0", "missing_lines": 24, "excluded_lines": 0, "percent_statements_covered": 0.0, "percent_statements_covered_display": "0"}, "missing_lines": [285, 286, 287, 288, 292, 305, 306, 307, 311, 312, 316, 317, 318, 319, 323, 324, 325, 332, 333, 338, 339, 345, 352, 362], "excluded_lines": [], "start_line": 263}, "GitAgent._create_pr": {"executed_lines": [], "summary": {"covered_lines": 0, "num_statements": 19, "percent_covered": 0.0, "percent_covered_display": "0", "missing_lines": 19, "excluded_lines": 0, "percent_statements_covered": 0.0, "percent_statements_covered_display": "0"}, "missing_lines": [375, 376, 378, 379, 382, 385, 386, 387, 389, 391, 392, 393, 394, 419, 425, 426, 428, 429, 430], "excluded_lines": [], "start_line": 368}, "GitAgent.get_status": {"executed_lines": [], "summary": {"covered_lines": 0, "num_statements": 1, "percent_covered": 0.0, "percent_covered_display": "0", "missing_lines": 1, "excluded_lines": 0, "percent_statements_covered": 0.0, "percent_statements_covered_display": "0"}, "missing_lines": [437], "excluded_lines": [], "start_line": 436}, "": {"executed_lines": [], "summary": {"covered_lines": 0, "num_statements": 18, "percent_covered": 0.0, "percent_covered_display": "0", "missing_lines": 18, "excluded_lines": 0, "percent_statements_covered": 0.0, "percent_statements_covered_display": "0"}, "missing_lines": [17, 18, 19, 20, 21, 23, 25, 28, 31, 48, 135, 175, 214, 219, 239, 263, 368, 436], "excluded_lines": [], "start_line": 1}}, "classes": {"GitAgent": {"executed_lines": [], "summary": {"covered_lines": 0, "num_statements": 152, "percent_covered": 0.0, "percent_covered_display": "0", "missing_lines": 152, "excluded_lines": 0, "percent_statements_covered": 0.0, "percent_statements_covered_display": "0"}, "missing_lines": [32, 33, 35, 36, 37, 38, 39, 40, 41, 42, 59, 60, 67, 68, 72, 73, 75, 76, 77, 79, 80, 81, 82, 83, 86, 87, 88, 89, 90, 92, 93, 94, 100, 104, 111, 113, 115, 116, 127, 128, 129, 140, 142, 147, 148, 149, 150, 151, 152, 155, 156, 157, 160, 161, 163, 164, 165, 166, 167, 168, 169, 170, 171, 173, 181, 182, 183, 184, 185, 186, 189, 190, 192, 199, 200, 201, 202, 204, 205, 206, 207, 208, 209, 211, 212, 215, 216, 217, 220, 221, 224, 226, 233, 234, 235, 236, 237, 240, 241, 244, 246, 247, 248, 250, 251, 259, 260, 261, 285, 286, 287, 288, 292, 305, 306, 307, 311, 312, 316, 317, 318, 319, 323, 324, 325, 332, 333, 338, 339, 345, 352, 362, 375, 376, 378, 379, 382, 385, 386, 387, 389, 391, 392, 393, 394, 419, 425, 426, 428, 429, 430, 437], "excluded_lines": [], "start_line": 28}, "": {"executed_lines": [], "summary": {"covered_lines": 0, "num_statements": 18, "percent_covered": 0.0, "percent_covered_display": "0", "missing_lines": 18, "excluded_lines": 0, "percent_statements_covered": 0.0, "percent_statements_covered_display": "0"}, "missing_lines": [17, 18, 19, 20, 21, 23, 25, 28, 31, 48, 135, 175, 214, 219, 239, 263, 368, 436], "excluded_lines": [], "start_line": 1}}}, "agents\\glr_agent.py": {"executed_lines": [], "summary": {"covered_lines": 0, "num_statements": 58, "percent_covered": 0.0, "percent_covered_display": "0", "missing_lines": 58, "excluded_lines": 0, "percent_statements_covered": 0.0, "percent_statements_covered_display": "0"}, "missing_lines": [9, 10, 11, 12, 14, 15, 17, 19, 480, 483, 484, 491, 492, 494, 495, 496, 497, 498, 501, 502, 503, 504, 505, 507, 539, 540, 541, 545, 548, 575, 576, 577, 579, 580, 588, 589, 591, 592, 595, 596, 599, 605, 606, 607, 608, 609, 611, 616, 617, 618, 620, 622, 631, 633, 730, 731, 732, 733], "excluded_lines": [], "functions": {"GLRAgent.__init__": {"executed_lines": [], "summary": {"covered_lines": 0, "num_statements": 1, "percent_covered": 0.0, "percent_covered_display": "0", "missing_lines": 1, "excluded_lines": 0, "percent_statements_covered": 0.0, "percent_statements_covered_display": "0"}, "missing_lines": [484], "excluded_lines": [], "start_line": 483}, "GLRAgent.get_system_prompt": {"executed_lines": [], "summary": {"covered_lines": 0, "num_statements": 1, "percent_covered": 0.0, "percent_covered_display": "0", "missing_lines": 1, "excluded_lines": 0, "percent_statements_covered": 0.0, "percent_statements_covered_display": "0"}, "missing_lines": [492], "excluded_lines": [], "start_line": 491}, "GLRAgent.execute": {"executed_lines": [], "summary": {"covered_lines": 0, "num_statements": 38, "percent_covered": 0.0, "percent_covered_display": "0", "missing_lines": 38, "excluded_lines": 0, "percent_statements_covered": 0.0, "percent_statements_covered_display": "0"}, "missing_lines": [495, 496, 497, 498, 501, 502, 503, 504, 505, 507, 539, 540, 541, 545, 548, 575, 576, 577, 579, 580, 588, 589, 591, 592, 595, 596, 599, 605, 606, 607, 608, 609, 611, 616, 617, 618, 620, 622], "excluded_lines": [], "start_line": 494}, "GLRAgent._fallback_template": {"executed_lines": [], "summary": {"covered_lines": 0, "num_statements": 1, "percent_covered": 0.0, "percent_covered_display": "0", "missing_lines": 1, "excluded_lines": 0, "percent_statements_covered": 0.0, "percent_statements_covered_display": "0"}, "missing_lines": [633], "excluded_lines": [], "start_line": 631}, "GLRAgent._load_file": {"executed_lines": [], "summary": {"covered_lines": 0, "num_statements": 3, "percent_covered": 0.0, "percent_covered_display": "0", "missing_lines": 3, "excluded_lines": 0, "percent_statements_covered": 0.0, "percent_statements_covered_display": "0"}, "missing_lines": [731, 732, 733], "excluded_lines": [], "start_line": 730}, "": {"executed_lines": [], "summary": {"covered_lines": 0, "num_statements": 14, "percent_covered": 0.0, "percent_covered_display": "0", "missing_lines": 14, "excluded_lines": 0, "percent_statements_covered": 0.0, "percent_statements_covered_display": "0"}, "missing_lines": [9, 10, 11, 12, 14, 15, 17, 19, 480, 483, 491, 494, 631, 730], "excluded_lines": [], "start_line": 1}}, "classes": {"GLRAgent": {"executed_lines": [], "summary": {"covered_lines": 0, "num_statements": 44, "percent_covered": 0.0, "percent_covered_display": "0", "missing_lines": 44, "excluded_lines": 0, "percent_statements_covered": 0.0, "percent_statements_covered_display": "0"}, "missing_lines": [484, 492, 495, 496, 497, 498, 501, 502, 503, 504, 505, 507, 539, 540, 541, 545, 548, 575, 576, 577, 579, 580, 588, 589, 591, 592, 595, 596, 599, 605, 606, 607, 608, 609, 611, 616, 617, 618, 620, 622, 633, 731, 732, 733], "excluded_lines": [], "start_line": 480}, "": {"executed_lines": [], "summary": {"covered_lines": 0, "num_statements": 14, "percent_covered": 0.0, "percent_covered_display": "0", "missing_lines": 14, "excluded_lines": 0, "percent_statements_covered": 0.0, "percent_statements_covered_display": "0"}, "missing_lines": [9, 10, 11, 12, 14, 15, 17, 19, 480, 483, 491, 494, 631, 730], "excluded_lines": [], "start_line": 1}}}, "agents\\netlist_agent.py": {"executed_lines": [], "summary": {"covered_lines": 0, "num_statements": 1107, "percent_covered": 0.0, "percent_covered_display": "0", "missing_lines": 1107, "excluded_lines": 0, "percent_statements_covered": 0.0, "percent_statements_covered_display": "0"}, "missing_lines": [8, 9, 10, 12, 13, 14, 16, 18, 106, 250, 253, 254, 265, 267, 268, 270, 271, 272, 273, 276, 277, 278, 282, 284, 285, 295, 296, 297, 299, 304, 351, 352, 356, 357, 361, 363, 364, 369, 370, 373, 374, 375, 376, 378, 384, 387, 388, 389, 397, 398, 399, 409, 418, 423, 424, 425, 426, 427, 430, 431, 432, 435, 436, 443, 444, 445, 446, 447, 448, 452, 453, 454, 458, 459, 460, 462, 465, 471, 472, 473, 474, 475, 476, 477, 478, 480, 483, 485, 486, 487, 495, 496, 499, 500, 501, 506, 507, 508, 513, 514, 515, 523, 524, 525, 526, 528, 529, 530, 531, 542, 543, 544, 545, 548, 549, 550, 551, 552, 557, 561, 562, 564, 568, 569, 573, 576, 580, 586, 592, 594, 595, 596, 597, 598, 599, 600, 601, 602, 603, 604, 605, 606, 607, 608, 609, 610, 611, 612, 613, 614, 615, 616, 618, 621, 623, 624, 625, 631, 632, 635, 636, 637, 642, 643, 644, 645, 646, 647, 648, 654, 655, 656, 657, 660, 661, 662, 663, 667, 670, 671, 723, 724, 728, 729, 730, 731, 732, 738, 742, 744, 745, 751, 752, 784, 785, 786, 790, 795, 796, 797, 798, 799, 805, 806, 807, 814, 815, 816, 817, 818, 819, 820, 821, 822, 825, 826, 827, 828, 829, 830, 831, 832, 833, 836, 837, 838, 839, 840, 841, 847, 848, 849, 850, 851, 852, 853, 855, 857, 881, 882, 883, 884, 885, 886, 887, 888, 889, 893, 897, 898, 899, 901, 902, 922, 923, 924, 925, 927, 928, 931, 932, 934, 935, 939, 941, 942, 943, 946, 947, 949, 960, 963, 964, 965, 966, 969, 970, 977, 978, 980, 981, 982, 985, 986, 987, 992, 993, 995, 996, 997, 998, 999, 1000, 1002, 1003, 1004, 1005, 1012, 1013, 1016, 1017, 1018, 1019, 1025, 1031, 1032, 1033, 1034, 1035, 1036, 1037, 1038, 1040, 1041, 1042, 1045, 1046, 1047, 1048, 1049, 1050, 1051, 1053, 1054, 1055, 1059, 1060, 1061, 1062, 1063, 1064, 1065, 1066, 1072, 1073, 1076, 1091, 1094, 1096, 1097, 1098, 1099, 1101, 1102, 1103, 1104, 1105, 1113, 1114, 1115, 1116, 1117, 1118, 1126, 1127, 1128, 1129, 1131, 1132, 1133, 1134, 1135, 1136, 1138, 1139, 1144, 1145, 1148, 1163, 1164, 1165, 1166, 1167, 1168, 1169, 1170, 1172, 1173, 1186, 1187, 1189, 1190, 1191, 1197, 1198, 1200, 1201, 1202, 1203, 1204, 1205, 1206, 1207, 1208, 1209, 1210, 1211, 1213, 1220, 1221, 1222, 1225, 1226, 1227, 1228, 1229, 1231, 1233, 1235, 1236, 1238, 1239, 1240, 1241, 1242, 1248, 1251, 1253, 1260, 1261, 1262, 1263, 1265, 1266, 1267, 1268, 1270, 1274, 1276, 1277, 1278, 1279, 1282, 1283, 1285, 1286, 1287, 1288, 1291, 1292, 1295, 1296, 1297, 1300, 1301, 1302, 1303, 1304, 1305, 1306, 1308, 1309, 1312, 1315, 1316, 1317, 1318, 1319, 1320, 1321, 1322, 1323, 1324, 1325, 1326, 1327, 1328, 1329, 1330, 1331, 1332, 1333, 1335, 1344, 1353, 1354, 1355, 1356, 1357, 1358, 1359, 1360, 1361, 1368, 1369, 1370, 1371, 1372, 1373, 1374, 1379, 1380, 1381, 1387, 1388, 1389, 1390, 1391, 1401, 1402, 1403, 1404, 1410, 1411, 1417, 1418, 1419, 1420, 1421, 1422, 1423, 1424, 1425, 1427, 1428, 1429, 1430, 1431, 1432, 1433, 1434, 1435, 1436, 1442, 1443, 1444, 1451, 1452, 1453, 1461, 1462, 1463, 1465, 1466, 1467, 1468, 1469, 1473, 1474, 1475, 1476, 1477, 1478, 1479, 1482, 1488, 1489, 1490, 1491, 1492, 1493, 1495, 1504, 1511, 1512, 1513, 1514, 1517, 1518, 1519, 1520, 1521, 1522, 1523, 1524, 1525, 1538, 1539, 1540, 1542, 1545, 1547, 1548, 1550, 1551, 1554, 1555, 1558, 1559, 1560, 1561, 1563, 1564, 1565, 1566, 1567, 1568, 1569, 1570, 1571, 1572, 1574, 1575, 1576, 1577, 1578, 1579, 1580, 1581, 1582, 1583, 1584, 1585, 1586, 1588, 1599, 1755, 1758, 1763, 1764, 1767, 1768, 1769, 1770, 1772, 1773, 1774, 1775, 1776, 1777, 1778, 1780, 1784, 1791, 1796, 1804, 1809, 1810, 1811, 1812, 1813, 1814, 1815, 1816, 1817, 1818, 1819, 1820, 1821, 1822, 1824, 1825, 1826, 1827, 1829, 1830, 1831, 1832, 1834, 1835, 1836, 1853, 1865, 1871, 1872, 1873, 1874, 1875, 1876, 1877, 1878, 1882, 1883, 1884, 1885, 1886, 1889, 1890, 1891, 1892, 1893, 1894, 1895, 1896, 1897, 1898, 1899, 1900, 1907, 1908, 1914, 1915, 1916, 1917, 1923, 1924, 1926, 1932, 1933, 1934, 1935, 1937, 1943, 1960, 1962, 1963,
[...]
], "excluded_lines": [], "start_line": 114}, "WebScraperTool.search_all": {"executed_lines": [], "summary": {"covered_lines": 0, "num_statements": 11, "percent_covered": 0.0, "percent_covered_display": "0", "missing_lines": 11, "excluded_lines": 0, "percent_statements_covered": 0.0, "percent_statements_covered_display": "0"}, "missing_lines": [211, 213, 219, 220, 222, 223, 224, 225, 226, 227, 229], "excluded_lines": [], "start_line": 194}, "WebScraperTool._ensure_digikey_token": {"executed_lines": [], "summary": {"covered_lines": 0, "num_statements": 16, "percent_covered": 0.0, "percent_covered_display": "0", "missing_lines": 16, "excluded_lines": 0, "percent_statements_covered": 0.0, "percent_statements_covered_display": "0"}, "missing_lines": [233, 236, 237, 238, 240, 241, 243, 252, 253, 255, 256, 257, 261, 263, 264, 265], "excluded_lines": [], "start_line": 231}, "WebScraperTool._parse_digikey_pricing": {"executed_lines": [], "summary": {"covered_lines": 0, "num_statements": 13, "percent_covered": 0.0, "percent_covered_display": "0", "missing_lines": 13, "excluded_lines": 0, "percent_statements_covered": 0.0, "percent_statements_covered_display": "0"}, "missing_lines": [269, 270, 272, 274, 275, 276, 277, 279, 280, 281, 282, 283, 284], "excluded_lines": [], "start_line": 267}, "WebScraperTool._parse_mouser_pricing": {"executed_lines": [], "summary": {"covered_lines": 0, "num_statements": 11, "percent_covered": 0.0, "percent_covered_display": "0", "missing_lines": 11, "excluded_lines": 0, "percent_statements_covered": 0.0, "percent_statements_covered_display": "0"}, "missing_lines": [288, 289, 291, 293, 294, 295, 296, 297, 298, 299, 300], "excluded_lines": [], "start_line": 286}, "": {"executed_lines": [8, 9, 10, 12, 14, 15, 17, 20, 29, 34, 114, 194, 231, 267, 286], "summary": {"covered_lines": 15, "num_statements": 15, "percent_covered": 100.0, "percent_covered_display": "100", "missing_lines": 0, "excluded_lines": 0, "percent_statements_covered": 100.0, "percent_statements_covered_display": "100"}, "missing_lines": [], "excluded_lines": [], "start_line": 1}}, "classes": {"WebScraperTool": {"executed_lines": [], "summary": {"covered_lines": 0, "num_statements": 110, "percent_covered": 0.0, "percent_covered_display": "0", "missing_lines": 110, "excluded_lines": 0, "percent_statements_covered": 0.0, "percent_statements_covered_display": "0"}, "missing_lines": [30, 31, 32, 51, 52, 53, 55, 57, 59, 61, 66, 72, 77, 78, 81, 82, 84, 86, 87, 88, 89, 90, 92, 102, 104, 105, 107, 108, 109, 110, 111, 112, 131, 132, 133, 135, 136, 137, 142, 152, 158, 159, 162, 163, 165, 167, 168, 169, 170, 172, 182, 184, 185, 187, 188, 189, 190, 191, 192, 211, 213, 219, 220, 222, 223, 224, 225, 226, 227, 229, 233, 236, 237, 238, 240, 241, 243, 252, 253, 255, 256, 257, 261, 263, 264, 265, 269, 270, 272, 274, 275, 276, 277, 279, 280, 281, 282, 283, 284, 288, 289, 291, 293, 294, 295, 296, 297, 298, 299, 300], "excluded_lines": [], "start_line": 20}, "": {"executed_lines": [8, 9, 10, 12, 14, 15, 17, 20, 29, 34, 114, 194, 231, 267, 286], "summary": {"covered_lines": 15, "num_statements": 15, "percent_covered": 100.0, "percent_covered_display": "100", "missing_lines": 0, "excluded_lines": 0, "percent_statements_covered": 100.0, "percent_statements_covered_display": "100"}, "missing_lines": [], "excluded_lines": [], "start_line": 1}}}, "update_pptx.py": {"executed_lines": [], "summary": {"covered_lines": 0, "num_statements": 130, "percent_covered": 0.0, "percent_covered_display": "0", "missing_lines": 130, "excluded_lines": 11, "percent_statements_covered": 0.0, "percent_statements_covered_display": "0"}, "missing_lines": [11, 12, 13, 14, 15, 16, 17, 18, 19, 20, 21, 22, 23, 25, 28, 29, 31, 34, 37, 40, 41, 42, 43, 44, 45, 46, 47, 48, 51, 53, 54, 55, 56, 59, 60, 61, 62, 63, 66, 67, 68, 69, 70, 71, 73, 75, 76, 77, 80, 82, 83, 84, 85, 86, 89, 91, 92, 93, 94, 97, 98, 99, 100, 101, 102, 103, 106, 107, 108, 109, 110, 113, 114, 115, 116, 117, 120, 121, 122, 123, 124, 125, 128, 130, 131, 132, 133, 136, 137, 138, 139, 140, 141, 144, 146, 147, 148, 149, 150, 153, 155, 156, 157, 158, 159, 160, 161, 162, 163, 166, 168, 169, 170, 171, 173, 174, 175, 177, 178, 179, 182, 183, 184, 185, 186, 189, 190, 191, 192, 194], "excluded_lines": [196, 197, 198, 199, 200, 201, 203, 204, 205, 206, 208], "functions": {"update_pptx": {"executed_lines": [], "summary": {"covered_lines": 0, "num_statements": 116, "percent_covered": 0.0, "percent_covered_display": "0", "missing_lines": 116, "excluded_lines": 0, "percent_statements_covered": 0.0, "percent_statements_covered_display": "0"}, "missing_lines": [28, 29, 31, 34, 37, 40, 41, 42, 43, 44, 45, 46, 47, 48, 51, 53, 54, 55, 56, 59, 60, 61, 62, 63, 66, 67, 68, 69, 70, 71, 73, 75, 76, 77, 80, 82, 83, 84, 85, 86, 89, 91, 92, 93, 94, 97, 98, 99, 100, 101, 102, 103, 106, 107, 108, 109, 110, 113, 114, 115, 116, 117, 120, 121, 122, 123, 124, 125, 128, 130, 131, 132, 133, 136, 137, 138, 139, 140, 141, 144, 146, 147, 148, 149, 150, 153, 155, 156, 157, 158, 159, 160, 161, 162, 163, 166, 168, 169, 170, 171, 173, 174, 175, 177, 178, 179, 182, 183, 184, 185, 186, 189, 190, 191, 192, 194], "excluded_lines": [], "start_line": 25}, "": {"executed_lines": [], "summary": {"covered_lines": 0, "num_statements": 14, "percent_covered": 0.0, "percent_covered_display": "0", "missing_lines": 14, "excluded_lines": 11, "percent_statements_covered": 0.0, "percent_statements_covered_display": "0"}, "missing_lines": [11, 12, 13, 14, 15, 16, 17, 18, 19, 20, 21, 22, 23, 25], "excluded_lines": [196, 197, 198, 199, 200, 201, 203, 204, 205, 206, 208], "start_line": 1}}, "classes": {"": {"executed_lines": [], "summary": {"covered_lines": 0, "num_statements": 130, "percent_covered": 0.0, "percent_covered_display": "0", "missing_lines": 130, "excluded_lines": 11, "percent_statements_covered": 0.0, "percent_statements_covered_display": "0"}, "missing_lines": [11, 12, 13, 14, 15, 16, 17, 18, 19, 20, 21, 22, 23, 25, 28, 29, 31, 34, 37, 40, 41, 42, 43, 44, 45, 46, 47, 48, 51, 53, 54, 55, 56, 59, 60, 61, 62, 63, 66, 67, 68, 69, 70, 71, 73, 75, 76, 77, 80, 82, 83, 84, 85, 86, 89, 91, 92, 93, 94, 97, 98, 99, 100, 101, 102, 103, 106, 107, 108, 109, 110, 113, 114, 115, 116, 117, 120, 121, 122, 123, 124, 125, 128, 130, 131, 132, 133, 136, 137, 138, 139, 140, 141, 144, 146, 147, 148, 149, 150, 153, 155, 156, 157, 158, 159, 160, 161, 162, 163, 166, 168, 169, 170, 171, 173, 174, 175, 177, 178, 179, 182, 183, 184, 185, 186, 189, 190, 191, 192, 194], "excluded_lines": [196, 197, 198, 199, 200, 201, 203, 204, 205, 206, 208], "start_line": 1}}}, "update_pptx_safe.py": {"executed_lines": [], "summary": {"covered_lines": 0, "num_statements": 40, "percent_covered": 0.0, "percent_covered_display": "0", "missing_lines": 40, "excluded_lines": 9, "percent_statements_covered": 0.0, "percent_statements_covered_display": "0"}, "missing_lines": [5, 6, 8, 9, 10, 11, 12, 13, 14, 16, 19, 20, 21, 22, 24, 27, 71, 72, 74, 75, 76, 78, 79, 81, 82, 84, 87, 88, 89, 92, 93, 94, 95, 97, 98, 99, 102, 103, 104, 106], "excluded_lines": [108, 109, 110, 111, 113, 114, 115, 116, 118], "functions": {"safe_update_pptx": {"executed_lines": [], "summary": {"covered_lines": 0, "num_statements": 30, "percent_covered": 0.0, "percent_covered_display": "0", "missing_lines": 30, "excluded_lines": 0, "percent_statements_covered": 0.0, "percent_statements_covered_display": "0"}, "missing_lines": [19, 20, 21, 22, 24, 27, 71, 72, 74, 75, 76, 78, 79, 81, 82, 84, 87, 88, 89, 92, 93, 94, 95, 97, 98, 99, 102, 103, 104, 106], "excluded_lines": [], "start_line": 16}, "": {"executed_lines": [], "summary": {"covered_lines": 0, "num_statements": 10, "percent_covered": 0.0, "percent_covered_display": "0", "missing_lines": 10, "excluded_lines": 9, "percent_statements_covered": 0.0, "percent_statements_covered_display": "0"}, "missing_lines": [5, 6, 8, 9, 10, 11, 12, 13, 14, 16], "excluded_lines": [108, 109, 110, 111, 113, 114, 115, 116, 118], "start_line": 1}}, "classes": {"": {"executed_lines": [], "summary": {"covered_lines": 0, "num_statements": 40, "percent_covered": 0.0, "percent_covered_display": "0", "missing_lines": 40, "excluded_lines": 9, "percent_statements_covered": 0.0, "percent_statements_covered_display": "0"}, "missing_lines": [5, 6, 8, 9, 10, 11, 12, 13, 14, 16, 19, 20, 21, 22, 24, 27, 71, 72, 74, 75, 76, 78, 79, 81, 82, 84, 87, 88, 89, 92, 93, 94, 95, 97, 98, 99, 102, 103, 104, 106], "excluded_lines": [108, 109, 110, 111, 113, 114, 115, 116, 118], "start_line": 1}}}, "validators\\__init__.py": {"executed_lines": [], "summary": {"covered_lines": 0, "num_statements": 3, "percent_covered": 0.0, "percent_covered_display": "0", "missing_lines": 3, "excluded_lines": 0, "percent_statements_covered": 0.0, "percent_statements_covered_display": "0"}, "missing_lines": [3, 4, 6], "excluded_lines": [], "functions": {"": {"executed_lines": [], "summary": {"covered_lines": 0, "num_statements": 3, "percent_covered": 0.0, "percent_covered_display": "0", "missing_lines": 3, "excluded_lines": 0, "percent_statements_covered": 0.0, "percent_statements_covered_display": "0"}, "missing_lines": [3, 4, 6], "excluded_lines": [], "start_line": 1}}, "classes": {"": {"executed_lines": [], "summary": {"covered_lines": 0, "num_statements": 3, "percent_covered": 0.0, "percent_covered_display": "0", "missing_lines": 3, "excluded_lines": 0, "percent_statements_covered": 0.0, "percent_statements_covered_display": "0"}, "missing_lines": [3, 4, 6], "excluded_lines": [], "start_line": 1}}}, "validators\\ieee_validator.py": {"executed_lines": [], "summary": {"covered_lines": 0, "num_statements": 56, "percent_covered": 0.0, "percent_covered_display": "0", "missing_lines": 56, "excluded_lines": 0, "percent_statements_covered": 0.0, "percent_statements_covered_display": "0"}, "missing_lines": [8, 9, 10, 12, 15, 16, 27, 35, 42, 53, 55, 58, 60, 63, 65, 68, 72, 73, 74, 75, 77, 79, 80, 81, 82, 83, 84, 86, 89, 90, 91, 92, 94, 96, 97, 98, 99, 102, 103, 105, 107, 118, 120, 121, 122, 123, 125, 126, 127, 129, 130, 131, 133, 134, 135, 137], "excluded_lines": [], "functions": {"validate_hrs": {"executed_lines": [], "summary": {"covered_lines": 0, "num_statements": 1, "percent_covered": 0.0, "percent_covered_display": "0", "missing_lines": 1, "excluded_lines": 0, "percent_statements_covered": 0.0, "percent_statements_covered_display": "0"}, "missing_lines": [55], "excluded_lines": [], "start_line": 53}, "validate_srs": {"executed_lines": [], "summary": {"covered_lines": 0, "num_statements": 1, "percent_covered": 0.0, "percent_covered_display": "0", "missing_lines": 1, "excluded_lines": 0, "percent_statements_covered": 0.0, "percent_statements_covered_display": "0"}, "missing_lines": [60], "excluded_lines": [], "start_line": 58}, "validate_sdd": {"executed_lines": [], "summary": {"covered_lines": 0, "num_statements": 1, "percent_covered": 0.0, "percent_covered_display": "0", "missing_lines": 1, "excluded_lines": 0, "percent_statements_covered": 0.0, "percent_statements_covered_display": "0"}, "missing_lines": [65], "excluded_lines": [], "start_line": 63}, "_validate_document": {"executed_lines": [], "summary": {"covered_lines": 0, "num_statements": 25, "percent_covered": 0.0, "percent_covered_display": "0", "missing_lines": 25, "excluded_lines": 0, "percent_statements_covered": 0.0, "percent_statements_covered_display": "0"}, "missing_lines": [72, 73, 74, 75, 77, 79, 80, 81, 82, 83, 84, 86, 89, 90, 91, 92, 94, 96, 97, 98, 99, 102, 103, 105, 107], "excluded_lines": [], "start_line": 68}, "validate_all": {"executed_lines": [], "summary": {"covered_lines": 0, "num_statements": 14, "percent_covered": 0.0, "percent_covered_display": "0", "missing_lines": 14, "excluded_lines": 0, "percent_statements_covered": 0.0, "percent_statements_covered_display": "0"}, "missing_lines": [120, 121, 122, 123, 125, 126, 127, 129, 130, 131, 133, 134, 135, 137], "excluded_lines": [], "start_line": 118}, "": {"executed_lines": [], "summary": {"covered_lines": 0, "num_statements": 14, "percent_covered": 0.0, "percent_covered_display": "0", "missing_lines": 14, "excluded_lines": 0, "percent_statements_covered": 0.0, "percent_statements_covered_display": "0"}, "missing_lines": [8, 9, 10, 12, 15, 16, 27, 35, 42, 53, 58, 63, 68, 118], "excluded_lines": [], "start_line": 1}}, "classes": {"ValidationResult": {"executed_lines": [], "summary": {"covered_lines": 0, "num_statements": 0, "percent_covered": 100.0, "percent_covered_display": "100", "missing_lines": 0, "excluded_lines": 0, "percent_statements_covered": 100.0, "percent_statements_covered_display": "100"}, "missing_lines": [], "excluded_lines": [], "start_line": 16}, "": {"executed_lines": [], "summary": {"covered_lines": 0, "num_statements": 56, "percent_covered": 0.0, "percent_covered_display": "0", "missing_lines": 56, "excluded_lines": 0, "percent_statements_covered": 0.0, "percent_statements_covered_display": "0"}, "missing_lines": [8, 9, 10, 12, 15, 16, 27, 35, 42, 53, 55, 58, 60, 63, 65, 68, 72, 73, 74, 75, 77, 79, 80, 81, 82, 83, 84, 86, 89, 90, 91, 92, 94, 96, 97, 98, 99, 102, 103, 105, 107, 118, 120, 121, 122, 123, 125, 126, 127, 129, 130, 131, 133, 134, 135, 137], "excluded_lines": [], "start_line": 1}}}, "validators\\netlist_validator.py": {"executed_lines": [], "summary": {"covered_lines": 0, "num_statements": 79, "percent_covered": 0.0, "percent_covered_display": "0", "missing_lines": 79, "excluded_lines": 0, "percent_statements_covered": 0.0, "percent_statements_covered_display": "0"}, "missing_lines": [3, 4, 6, 8, 9, 10, 11, 12, 13, 16, 19, 20, 21, 22, 23, 25, 27, 28, 29, 31, 32, 35, 38, 39, 40, 41, 42, 44, 52, 54, 55, 57, 59, 60, 62, 63, 70, 72, 74, 75, 77, 78, 79, 80, 81, 82, 83, 85, 87, 88, 90, 91, 92, 93, 95, 97, 98, 100, 101, 102, 104, 106, 108, 110, 113, 115, 117, 118, 120, 121, 122, 123, 125, 131, 132, 134, 135, 137, 138], "excluded_lines": [], "functions": {"NetlistValidator.__init__": {"executed_lines": [], "summary": {"covered_lines": 0, "num_statements": 4, "percent_covered": 0.0, "percent_covered_display": "0", "missing_lines": 4, "excluded_lines": 0, "percent_statements_covered": 0.0, "percent_statements_covered_display": "0"}, "missing_lines": [20, 21, 22, 23], "excluded_lines": [], "start_line": 19}, "NetlistValidator.validate": {"executed_lines": [], "summary": {"covered_lines": 0, "num_statements": 12, "percent_covered": 0.0, "percent_covered_display": "0", "missing_lines": 12, "excluded_lines": 0, "percent_statements_covered": 0.0, "percent_statements_covered_display": "0"}, "missing_lines": [27, 28, 29, 31, 32, 35, 38, 39, 40, 41, 42, 44], "excluded_lines": [], "start_line": 25}, "NetlistValidator._build_graph": {"executed_lines": [], "summary": {"covered_lines": 0, "num_statements": 8, "percent_covered": 0.0, "percent_covered_display": "0", "missing_lines": 8, "excluded_lines": 0, "percent_statements_covered": 0.0, "percent_statements_covered_display": "0"}, "missing_lines": [54, 55, 57, 59, 60, 62, 63, 70], "excluded_lines": [], "start_line": 52}, "NetlistValidator._check_cycles": {"executed_lines": [], "summary": {"covered_lines": 0, "num_statements": 9, "percent_covered": 0.0, "percent_covered_display": "0", "missing_lines": 9, "excluded_lines": 0, "percent_statements_covered": 0.0, "percent_statements_covered_display": "0"}, "missing_lines": [74, 75, 77, 78, 79, 80, 81, 82, 83], "excluded_lines": [], "start_line": 72}, "NetlistValidator._check_isolated_nodes": {"executed_lines": [], "summary": {"covered_lines": 0, "num_statements": 6, "percent_covered": 0.0, "percent_covered_display": "0", "missing_lines": 6, "excluded_lines": 0, "percent_statements_covered": 0.0, "percent_statements_covered_display": "0"}, "missing_lines": [87, 88, 90, 91, 92, 93], "excluded_lines": [], "start_line": 85}, "NetlistValidator._check_connectivity": {"executed_lines": [], "summary": {"covered_lines": 0, "num_statements": 5, "percent_covered": 0.0, "percent_covered_display": "0", "missing_lines": 5, "excluded_lines": 0, "percent_statements_covered": 0.0, "percent_statements_covered_display": "0"}, "missing_lines": [97, 98, 100, 101, 102], "excluded_lines": [], "start_line": 95}, "NetlistValidator._check_pin_compatibility": {"executed_lines": [], "summary": {"covered_lines": 0, "num_statements": 2, "percent_covered": 0.0, "percent_covered_display": "0", "missing_lines": 2, "excluded_lines": 0, "percent_statements_covered": 0.0, "percent_statements_covered_display": "0"}, "missing_lines": [106, 108], "excluded_lines": [], "start_line": 104}, "NetlistValidator._check_power_domains": {"executed_lines": [], "summary": {"covered_lines": 0, "num_statements": 1, "percent_covered": 0.0, "percent_covered_display": "0", "missing_lines": 1, "excluded_lines": 0, "percent_statements_covered": 0.0, "percent_statements_covered_display": "0"}, "missing_lines": [113], "excluded_lines": [], "start_line": 110}, "NetlistValidator._get_stats": {"executed_lines": [], "summary": {"covered_lines": 0, "num_statements": 7, "percent_covered": 0.0, "percent_covered_display": "0", "missing_lines": 7, "excluded_lines": 0, "percent_statements_covered": 0.0, "percent_statements_covered_display": "0"}, "missing_lines": [117, 118, 120, 121, 122, 123, 125], "excluded_lines": [], "start_line": 115}, "NetlistValidator._add_error": {"executed_lines": [], "summary": {"covered_lines": 0, "num_statements": 1, "percent_covered": 0.0, "percent_covered_display": "0", "missing_lines": 1, "excluded_lines": 0, "percent_statements_covered": 0.0, "percent_statements_covered_display": "0"}, "missing_lines": [132], "excluded_lines": [], "start_line": 131}, "NetlistValidator._add_warning": {"executed_lines": [], "summary": {"covered_lines": 0, "num_statements": 1, "percent_covered": 0.0, "percent_covered_display": "0", "missing_lines": 1, "excluded_lines": 0, "percent_statements_covered": 0.0, "percent_statements_covered_display": "0"}, "missing_lines": [135], "excluded_lines": [], "start_line": 134}, "NetlistValidator._add_info": {"executed_lines": [], "summary": {"covered_lines": 0, "num_statements": 1, "percent_covered": 0.0, "percent_covered_display": "0", "missing_lines": 1, "excluded_lines": 0, "percent_statements_covered": 0.0, "percent_statements_covered_display": "0"}, "missing_lines": [138], "excluded_lines": [], "start_line": 137}, "": {"executed_lines": [], "summary": {"covered_lines": 0, "num_statements": 22, "percent_covered": 0.0, "percent_covered_display": "0", "missing_lines": 22, "excluded_lines": 0, "percent_statements_covered": 0.0, "percent_statements_covered_display": "0"}, "missing_lines": [3, 4, 6, 8, 9, 10, 11, 12, 13, 16, 19, 25, 52, 72, 85, 95, 104, 110, 115, 131, 134, 137], "excluded_lines": [], "start_line": 1}}, "classes": {"NetlistValidator": {"executed_lines": [], "summary": {"covered_lines": 0, "num_statements": 57, "percent_covered": 0.0, "percent_covered_display": "0", "missing_lines": 57, "excluded_lines": 0, "percent_statements_covered": 0.0, "percent_statements_covered_display": "0"}, "missing_lines": [20, 21, 22, 23, 27, 28, 29, 31, 32, 35, 38, 39, 40, 41, 42, 44, 54, 55, 57, 59, 60, 62, 63, 70, 74, 75, 77, 78, 79, 80, 81, 82, 83, 87, 88, 90, 91, 92, 93, 97, 98, 100, 101, 102, 106, 108, 113, 117, 118, 120, 121, 122, 123, 125, 132, 135, 138], "excluded_lines": [], "start_line": 16}, "": {"executed_lines": [], "summary": {"covered_lines": 0, "num_statements": 22, "percent_covered": 0.0, "percent_covered_display": "0", "missing_lines": 22, "excluded_lines": 0, "percent_statements_covered": 0.0, "percent_statements_covered_display": "0"}, "missing_lines": [3, 4, 6, 8, 9, 10, 11, 12, 13, 16, 19, 25, 52, 72, 85, 95, 104, 110, 115, 131, 134, 137], "excluded_lines": [], "start_line": 1}}}}, "totals": {"covered_lines": 636, "num_statements": 18306, "percent_covered": 3.474270730907899, "percent_covered_display": "3", "missing_lines": 17670, "excluded_lines": 89, "percent_statements_covered": 3.474270730907899, "percent_statements_covered_display": "3"}}